============================= test session starts ==============================
platform linux -- Python 3.10.19, pytest-9.0.2, pluggy-1.6.0 -- /home/rhushabh/miniconda3/envs/nexus/bin/python3.10
cachedir: .pytest_cache
rootdir: /mnt/d/Research Experiments/nexus
configfile: pytest.ini
plugins: cov-7.0.0, anyio-4.12.1
collecting ... collected 4 items

tests/unit/test_asset_manager.py::TestAssetManager::test_find_local_asset_found PASSED [ 25%]
tests/unit/test_asset_manager.py::TestAssetManager::test_find_local_audio_asset PASSED [ 50%]
tests/unit/test_asset_manager.py::TestAssetManager::test_find_local_asset_not_found PASSED [ 75%]
tests/unit/test_asset_manager.py::TestAssetManager::test_resolve_asset_fallback PASSED [100%]
======================================================================
TEST METRICS SUMMARY
======================================================================
Total: 4 | Passed: 4 | Failed: 0
Pass Rate: 100.0%
Duration: 0.00s
GPU: NVIDIA GeForce RTX 5080 Laptop GPU

Detailed Results: results/test_details.csv
======================================================================


============================== 4 passed in 4.05s ===============================

============================= test session starts ==============================
platform linux -- Python 3.10.19, pytest-9.0.2, pluggy-1.6.0 -- /home/rhushabh/miniconda3/envs/nexus/bin/python3.10
cachedir: .pytest_cache
rootdir: /mnt/d/Research Experiments/nexus
configfile: pytest.ini
plugins: cov-7.0.0, anyio-4.12.1
collecting ... collected 6 items

tests/unit/test_benchmark_repetition.py::TestRepetitionBenchmark::test_gen_text_task PASSED [ 16%]
tests/unit/test_benchmark_repetition.py::TestRepetitionBenchmark::test_gen_vision_task PASSED [ 33%]
tests/unit/test_benchmark_repetition.py::TestRepetitionBenchmark::test_run_inference_mock PASSED [ 50%]
tests/unit/test_benchmark_repetition.py::TestRepetitionBenchmark::test_run_inference_real_mocked PASSED [ 66%]
tests/unit/test_benchmark_repetition.py::TestRepetitionBenchmark::test_run_suite PASSED [ 83%]
tests/unit/test_benchmark_repetition.py::TestRepetitionBenchmark::test_main_execution PASSED [100%]
======================================================================
TEST METRICS SUMMARY
======================================================================
Total: 6 | Passed: 6 | Failed: 0
Pass Rate: 100.0%
Duration: 0.72s
GPU: NVIDIA GeForce RTX 5080 Laptop GPU

Detailed Results: results/test_details.csv
======================================================================


============================== 6 passed in 10.08s ==============================

============================= test session starts ==============================
platform linux -- Python 3.10.19, pytest-9.0.2, pluggy-1.6.0 -- /home/rhushabh/miniconda3/envs/nexus/bin/python3.10
cachedir: .pytest_cache
rootdir: /mnt/d/Research Experiments/nexus
configfile: pytest.ini
plugins: cov-7.0.0, anyio-4.12.1
collecting ... collected 17 items

tests/unit/test_benchmark_runner.py::TestBenchmarkResult::test_import_result PASSED [  5%]
tests/unit/test_benchmark_runner.py::TestBenchmarkResult::test_result_defaults PASSED [ 11%]
tests/unit/test_benchmark_runner.py::TestBenchmarkConfig::test_config_defaults PASSED [ 17%]
tests/unit/test_benchmark_runner.py::TestBenchmarkMethods::test_benchmark_generation_success PASSED [ 23%]
tests/unit/test_benchmark_runner.py::TestBenchmarkMethods::test_benchmark_generation_error PASSED [ 29%]
tests/unit/test_benchmark_runner.py::TestBenchmarkMethods::test_benchmark_perplexity_success PASSED [ 35%]
tests/unit/test_benchmark_runner.py::TestBenchmarkMethods::test_benchmark_perplexity_error PASSED [ 41%]
tests/unit/test_benchmark_runner.py::TestBenchmarkMethods::test_get_sample_prompts_fallback PASSED [ 47%]
tests/unit/test_benchmark_runner.py::TestBenchmarkMethods::test_runner_setup PASSED [ 52%]
tests/unit/test_benchmark_runner.py::TestBenchmarkMethods::test_benchmark_generation_auto_setup PASSED [ 58%]
tests/unit/test_benchmark_runner.py::TestBenchmarkMethods::test_benchmark_generation_first_token PASSED [ 64%]
tests/unit/test_benchmark_runner.py::TestBenchmarkMethods::test_get_sample_prompts_formats PASSED [ 70%]
tests/unit/test_benchmark_runner.py::TestBenchmarkMethods::test_run_all PASSED [ 76%]
tests/unit/test_benchmark_runner.py::TestBenchmarkMethods::test_print_summary PASSED [ 82%]
tests/unit/test_benchmark_runner.py::TestBenchmarkMethods::test_main_execution PASSED [ 88%]
tests/unit/test_benchmark_runner.py::TestBenchmarkMethods::test_memory_stats PASSED [ 94%]
tests/unit/test_benchmark_runner.py::TestBenchmarkMethods::test_clear_memory PASSED [100%]
======================================================================
TEST METRICS SUMMARY
======================================================================
Total: 17 | Passed: 17 | Failed: 0
Pass Rate: 100.0%
Duration: 0.52s
GPU: NVIDIA GeForce RTX 5080 Laptop GPU

Detailed Results: results/test_details.csv
======================================================================


============================== 17 passed in 4.35s ==============================

============================= test session starts ==============================
platform linux -- Python 3.10.19, pytest-9.0.2, pluggy-1.6.0 -- /home/rhushabh/miniconda3/envs/nexus/bin/python3.10
cachedir: .pytest_cache
rootdir: /mnt/d/Research Experiments/nexus
configfile: pytest.ini
plugins: cov-7.0.0, anyio-4.12.1
collecting ... collected 13 items

tests/unit/test_benchmarks.py::TestBenchmarkImports::test_import_benchmark_native PASSED [  7%]
tests/unit/test_benchmarks.py::TestBenchmarkImports::test_import_benchmark_baseline PASSED [ 15%]
tests/unit/test_benchmarks.py::TestBenchmarkImports::test_import_benchmarks_init PASSED [ 23%]
tests/unit/test_benchmarks.py::TestBenchmarkNative::test_run_native_benchmark_mocked PASSED [ 30%]
tests/unit/test_benchmarks.py::TestBenchmarkNative::test_benchmark_model_path PASSED [ 38%]
tests/unit/test_benchmarks.py::TestBenchmarkBaseline::test_run_benchmark_mocked PASSED [ 46%]
tests/unit/test_benchmarks.py::TestBenchmarkRunnerMocked::test_runner_setup PASSED [ 53%]
tests/unit/test_benchmarks.py::TestBenchmarkRunnerMocked::test_generation_benchmark_logic PASSED [ 61%]
tests/unit/test_benchmarks.py::TestBenchmarkRunnerMocked::test_perplexity_benchmark_logic PASSED [ 69%]
tests/unit/test_benchmarks.py::TestExpandedEvalSuite::test_import_expanded_eval PASSED [ 76%]
tests/unit/test_benchmarks.py::TestExpandedEvalSuite::test_has_evaluator_class PASSED [ 84%]
tests/unit/test_benchmarks.py::TestFullstackEval::test_import_fullstack_eval PASSED [ 92%]
tests/unit/test_benchmarks.py::TestLovableBenchmark::test_import_lovable_benchmark PASSED [100%]
======================================================================
TEST METRICS SUMMARY
======================================================================
Total: 13 | Passed: 13 | Failed: 0
Pass Rate: 100.0%
Duration: 4.37s
GPU: NVIDIA GeForce RTX 5080 Laptop GPU

Detailed Results: results/test_details.csv
======================================================================


============================== 13 passed in 6.51s ==============================

============================= test session starts ==============================
platform linux -- Python 3.10.19, pytest-9.0.2, pluggy-1.6.0 -- /home/rhushabh/miniconda3/envs/nexus/bin/python3.10
cachedir: .pytest_cache
rootdir: /mnt/d/Research Experiments/nexus
configfile: pytest.ini
plugins: cov-7.0.0, anyio-4.12.1
collecting ... collected 24 items

tests/unit/test_bookmark_indexation.py::TestStorageTier::test_tiers_exist PASSED [  4%]
tests/unit/test_bookmark_indexation.py::TestBookmarkConfig::test_default_config PASSED [  8%]
tests/unit/test_bookmark_indexation.py::TestBookmarkConfig::test_custom_config PASSED [ 12%]
tests/unit/test_bookmark_indexation.py::TestBookmarkEntry::test_create_entry PASSED [ 16%]
tests/unit/test_bookmark_indexation.py::TestBookmarkEntry::test_entry_with_disk_offset PASSED [ 20%]
tests/unit/test_bookmark_indexation.py::TestBookmarkIndex::test_initialization PASSED [ 25%]
tests/unit/test_bookmark_indexation.py::TestBookmarkIndex::test_add_entry PASSED [ 29%]
tests/unit/test_bookmark_indexation.py::TestBookmarkIndex::test_remove_entry PASSED [ 33%]
tests/unit/test_bookmark_indexation.py::TestBookmarkIndex::test_search PASSED [ 37%]
tests/unit/test_bookmark_indexation.py::TestDiskCache::test_initialization PASSED [ 41%]
tests/unit/test_bookmark_indexation.py::TestDiskCache::test_write_read_block PASSED [ 45%]
tests/unit/test_bookmark_indexation.py::TestTieredKVCache::test_initialization PASSED [ 50%]
tests/unit/test_bookmark_indexation.py::TestTieredKVCache::test_put_in_vram PASSED [ 54%]
tests/unit/test_bookmark_indexation.py::TestTieredKVCache::test_get_from_vram PASSED [ 58%]
tests/unit/test_bookmark_indexation.py::TestTieredKVCache::test_eviction_to_ram PASSED [ 62%]
tests/unit/test_bookmark_indexation.py::TestTieredKVCache::test_update_importance PASSED [ 66%]
tests/unit/test_bookmark_indexation.py::TestBookmarkIndexation::test_initialization PASSED [ 70%]
tests/unit/test_bookmark_indexation.py::TestBookmarkIndexation::test_add_tokens PASSED [ 75%]
tests/unit/test_bookmark_indexation.py::TestBookmarkIndexation::test_retrieve PASSED [ 79%]
tests/unit/test_bookmark_indexation.py::TestBookmarkIndexation::test_get_stats PASSED [ 83%]
tests/unit/test_bookmark_indexation.py::TestCreateBookmarkIndexation::test_create_default PASSED [ 87%]
tests/unit/test_bookmark_indexation.py::TestCreateBookmarkIndexation::test_create_custom PASSED [ 91%]
tests/unit/test_bookmark_indexation.py::TestHardwareCompatibility::test_single_gpu_workflow PASSED [ 95%]
tests/unit/test_bookmark_indexation.py::TestHardwareCompatibility::test_tiered_eviction PASSED [100%]
======================================================================
TEST METRICS SUMMARY
======================================================================
Total: 24 | Passed: 24 | Failed: 0
Pass Rate: 100.0%
Duration: 2.06s
GPU: NVIDIA GeForce RTX 5080 Laptop GPU

Detailed Results: results/test_details.csv
======================================================================


============================== 24 passed in 4.69s ==============================

============================= test session starts ==============================
platform linux -- Python 3.10.19, pytest-9.0.2, pluggy-1.6.0 -- /home/rhushabh/miniconda3/envs/nexus/bin/python3.10
cachedir: .pytest_cache
rootdir: /mnt/d/Research Experiments/nexus
configfile: pytest.ini
plugins: cov-7.0.0, anyio-4.12.1
collecting ... collected 5 items

tests/unit/test_callbacks.py::test_callback_init PASSED                  [ 20%]
tests/unit/test_callbacks.py::test_callback_step_end_pause PASSED        [ 40%]
tests/unit/test_callbacks.py::test_callback_step_end_next PASSED         [ 60%]
tests/unit/test_callbacks.py::test_status_writing PASSED                 [ 80%]
tests/unit/test_callbacks.py::test_eta_calculation PASSED                [100%]
======================================================================
TEST METRICS SUMMARY
======================================================================
Total: 5 | Passed: 5 | Failed: 0
Pass Rate: 100.0%
Duration: 0.06s
GPU: NVIDIA GeForce RTX 5080 Laptop GPU

Detailed Results: results/test_details.csv
======================================================================


============================== 5 passed in 4.42s ===============================

============================= test session starts ==============================
platform linux -- Python 3.10.19, pytest-9.0.2, pluggy-1.6.0 -- /home/rhushabh/miniconda3/envs/nexus/bin/python3.10
cachedir: .pytest_cache
rootdir: /mnt/d/Research Experiments/nexus
configfile: pytest.ini
plugins: cov-7.0.0, anyio-4.12.1
collecting ... collected 2 items

tests/unit/test_capability_audit.py::test_audit_capabilities_success PASSED [ 50%]
tests/unit/test_capability_audit.py::test_audit_capabilities_load_failure PASSED [100%]
======================================================================
TEST METRICS SUMMARY
======================================================================
Total: 2 | Passed: 2 | Failed: 0
Pass Rate: 100.0%
Duration: 0.00s
GPU: NVIDIA GeForce RTX 5080 Laptop GPU

Detailed Results: results/test_details.csv
======================================================================


============================== 2 passed in 6.00s ===============================

============================= test session starts ==============================
platform linux -- Python 3.10.19, pytest-9.0.2, pluggy-1.6.0 -- /home/rhushabh/miniconda3/envs/nexus/bin/python3.10
cachedir: .pytest_cache
rootdir: /mnt/d/Research Experiments/nexus
configfile: pytest.ini
plugins: cov-7.0.0, anyio-4.12.1
collecting ... collected 15 items

tests/unit/test_capability_registry.py::TestCapabilityRegistry::test_registry_initialization PASSED [  6%]
tests/unit/test_capability_registry.py::TestCapabilityRegistry::test_key_capabilities_registered PASSED [ 13%]
tests/unit/test_capability_registry.py::TestCapabilityRegistry::test_capability_has_required_modalities PASSED [ 20%]
tests/unit/test_capability_registry.py::TestCapabilityRegistry::test_text_only_capabilities PASSED [ 26%]
tests/unit/test_capability_registry.py::TestCapabilityValidation::test_validate_text_only_model PASSED [ 33%]
tests/unit/test_capability_registry.py::TestCapabilityValidation::test_validate_omni_model PASSED [ 40%]
tests/unit/test_capability_registry.py::TestCapabilityValidation::test_get_nonexistent_capability PASSED [ 46%]
tests/unit/test_capability_registry.py::TestTrainingOrder::test_get_training_order PASSED [ 53%]
tests/unit/test_capability_registry.py::TestTrainingOrder::test_text_capabilities_come_first PASSED [ 60%]
tests/unit/test_capability_registry.py::TestTrainingOrder::test_generation_capabilities_come_last PASSED [ 66%]
tests/unit/test_capability_registry.py::TestVRAMEstimation::test_vram_estimates_exist PASSED [ 73%]
tests/unit/test_capability_registry.py::TestVRAMEstimation::test_vram_estimates_reasonable PASSED [ 80%]
tests/unit/test_capability_registry.py::TestVRAMEstimation::test_text_capabilities_low_vram PASSED [ 86%]
tests/unit/test_capability_registry.py::TestCapabilityDataclass::test_capability_creation PASSED [ 93%]
tests/unit/test_capability_registry.py::TestCapabilityDataclass::test_capability_required_fields PASSED [100%]
======================================================================
TEST METRICS SUMMARY
======================================================================
Total: 15 | Passed: 15 | Failed: 0
Pass Rate: 100.0%
Duration: 0.00s
GPU: NVIDIA GeForce RTX 5080 Laptop GPU

Detailed Results: results/test_details.csv
======================================================================


============================== 15 passed in 2.07s ==============================

============================= test session starts ==============================
platform linux -- Python 3.10.19, pytest-9.0.2, pluggy-1.6.0 -- /home/rhushabh/miniconda3/envs/nexus/bin/python3.10
cachedir: .pytest_cache
rootdir: /mnt/d/Research Experiments/nexus
configfile: pytest.ini
plugins: cov-7.0.0, anyio-4.12.1
collecting ... collected 19 items

tests/unit/test_context_extension.py::TestScalingType::test_scaling_types_exist PASSED [  5%]
tests/unit/test_context_extension.py::TestContextExtensionConfig::test_default_config PASSED [ 10%]
tests/unit/test_context_extension.py::TestContextExtensionConfig::test_custom_config PASSED [ 15%]
tests/unit/test_context_extension.py::TestRoPEScaler::test_scaling_factor_calculation PASSED [ 21%]
tests/unit/test_context_extension.py::TestRoPEScaler::test_explicit_scaling_factor PASSED [ 26%]
tests/unit/test_context_extension.py::TestRoPEScaler::test_linear_rope_config PASSED [ 31%]
tests/unit/test_context_extension.py::TestRoPEScaler::test_yarn_rope_config PASSED [ 36%]
tests/unit/test_context_extension.py::TestRoPEScaler::test_ntk_rope_config PASSED [ 42%]
tests/unit/test_context_extension.py::TestRoPEScaler::test_yarn_attention_factor PASSED [ 47%]
tests/unit/test_context_extension.py::TestContextExtender::test_extender_initialization PASSED [ 52%]
tests/unit/test_context_extension.py::TestContextExtender::test_extender_with_custom_config PASSED [ 57%]
tests/unit/test_context_extension.py::TestContextExtender::test_get_model_kwargs PASSED [ 63%]
tests/unit/test_context_extension.py::TestContextExtender::test_get_model_kwargs_with_flash_attention PASSED [ 68%]
tests/unit/test_context_extension.py::TestContextExtender::test_prepare_training_config PASSED [ 73%]
tests/unit/test_context_extension.py::TestCreateContextExtender::test_create_default PASSED [ 78%]
tests/unit/test_context_extension.py::TestCreateContextExtender::test_create_custom PASSED [ 84%]
tests/unit/test_context_extension.py::TestCreateContextExtender::test_create_with_kwargs PASSED [ 89%]
tests/unit/test_context_extension.py::TestContextExtensionIntegration::test_full_workflow PASSED [ 94%]
tests/unit/test_context_extension.py::TestContextExtensionIntegration::test_scaling_types_produce_valid_configs PASSED [100%]
======================================================================
TEST METRICS SUMMARY
======================================================================
Total: 19 | Passed: 19 | Failed: 0
Pass Rate: 100.0%
Duration: 0.00s
GPU: NVIDIA GeForce RTX 5080 Laptop GPU

Detailed Results: results/test_details.csv
======================================================================


============================== 19 passed in 3.87s ==============================

============================= test session starts ==============================
platform linux -- Python 3.10.19, pytest-9.0.2, pluggy-1.6.0 -- /home/rhushabh/miniconda3/envs/nexus/bin/python3.10
cachedir: .pytest_cache
rootdir: /mnt/d/Research Experiments/nexus
configfile: pytest.ini
plugins: cov-7.0.0, anyio-4.12.1
collecting ... collected 4 items

tests/unit/test_control_training.py::test_flag_file_ops PASSED           [ 25%]
tests/unit/test_control_training.py::test_control_training_main_pause PASSED [ 50%]
tests/unit/test_control_training.py::test_control_training_main_resume PASSED [ 75%]
tests/unit/test_control_training.py::test_control_training_main_next PASSED [100%]
======================================================================
TEST METRICS SUMMARY
======================================================================
Total: 4 | Passed: 4 | Failed: 0
Pass Rate: 100.0%
Duration: 0.00s
GPU: NVIDIA GeForce RTX 5080 Laptop GPU

Detailed Results: results/test_details.csv
======================================================================


============================== 4 passed in 3.06s ===============================

============================= test session starts ==============================
platform linux -- Python 3.10.19, pytest-9.0.2, pluggy-1.6.0 -- /home/rhushabh/miniconda3/envs/nexus/bin/python3.10
cachedir: .pytest_cache
rootdir: /mnt/d/Research Experiments/nexus
configfile: pytest.ini
plugins: cov-7.0.0, anyio-4.12.1
collecting ... collected 1 item

tests/unit/test_corruption_tracker.py::test_corruption_tracker PASSED    [100%]
======================================================================
TEST METRICS SUMMARY
======================================================================
Total: 1 | Passed: 1 | Failed: 0
Pass Rate: 100.0%
Duration: 0.00s
GPU: NVIDIA GeForce RTX 5080 Laptop GPU

Detailed Results: results/test_details.csv
======================================================================


============================== 1 passed in 2.06s ===============================

============================= test session starts ==============================
platform linux -- Python 3.10.19, pytest-9.0.2, pluggy-1.6.0 -- /home/rhushabh/miniconda3/envs/nexus/bin/python3.10
cachedir: .pytest_cache
rootdir: /mnt/d/Research Experiments/nexus
configfile: pytest.ini
plugins: cov-7.0.0, anyio-4.12.1
collecting ... collected 13 items

tests/unit/test_cot_generator.py::TestThinkingTrace::test_create_thinking_trace PASSED [  7%]
tests/unit/test_cot_generator.py::TestThinkingTrace::test_to_messages PASSED [ 15%]
tests/unit/test_cot_generator.py::TestThinkingTrace::test_to_dict PASSED [ 23%]
tests/unit/test_cot_generator.py::TestCoTConfig::test_default_config PASSED [ 30%]
tests/unit/test_cot_generator.py::TestCoTConfig::test_custom_config PASSED [ 38%]
tests/unit/test_cot_generator.py::TestCoTGenerator::test_generator_initialization PASSED [ 46%]
tests/unit/test_cot_generator.py::TestCoTGenerator::test_generator_with_custom_config PASSED [ 53%]
tests/unit/test_cot_generator.py::TestCoTGenerator::test_convert_to_cot_math PASSED [ 61%]
tests/unit/test_cot_generator.py::TestCoTGenerator::test_convert_to_cot_code PASSED [ 69%]
tests/unit/test_cot_generator.py::TestCoTGenerator::test_convert_to_cot_with_explicit_steps PASSED [ 76%]
tests/unit/test_cot_generator.py::TestCoTGenerator::test_generate_synthetic_math PASSED [ 84%]
tests/unit/test_cot_generator.py::TestCoTGenerator::test_generate_from_dataset PASSED [ 92%]
tests/unit/test_cot_generator.py::TestReasoningType::test_reasoning_types_exist PASSED [100%]
======================================================================
TEST METRICS SUMMARY
======================================================================
Total: 13 | Passed: 13 | Failed: 0
Pass Rate: 100.0%
Duration: 0.00s
GPU: NVIDIA GeForce RTX 5080 Laptop GPU

Detailed Results: results/test_details.csv
======================================================================


============================== 13 passed in 2.31s ==============================

============================= test session starts ==============================
platform linux -- Python 3.10.19, pytest-9.0.2, pluggy-1.6.0 -- /home/rhushabh/miniconda3/envs/nexus/bin/python3.10
cachedir: .pytest_cache
rootdir: /mnt/d/Research Experiments/nexus
configfile: pytest.ini
plugins: cov-7.0.0, anyio-4.12.1
collecting ... collected 6 items

tests/unit/test_data_manager.py::test_dataset_manager_init PASSED        [ 16%]
tests/unit/test_data_manager.py::test_detect_format PASSED               [ 33%]
tests/unit/test_data_manager.py::test_load_dataset_by_name_nested PASSED [ 50%]
tests/unit/test_data_manager.py::test_load_category PASSED               [ 66%]
tests/unit/test_data_manager.py::test_unified_train_dataset PASSED       [ 83%]
tests/unit/test_data_manager.py::test_split_dataset PASSED               [100%]
======================================================================
TEST METRICS SUMMARY
======================================================================
Total: 6 | Passed: 6 | Failed: 0
Pass Rate: 100.0%
Duration: 3.08s
GPU: NVIDIA GeForce RTX 5080 Laptop GPU

Detailed Results: results/test_details.csv
======================================================================


============================== 6 passed in 5.88s ===============================

============================= test session starts ==============================
platform linux -- Python 3.10.19, pytest-9.0.2, pluggy-1.6.0 -- /home/rhushabh/miniconda3/envs/nexus/bin/python3.10
cachedir: .pytest_cache
rootdir: /mnt/d/Research Experiments/nexus
configfile: pytest.ini
plugins: cov-7.0.0, anyio-4.12.1
collecting ... collected 9 items

tests/unit/test_detect_modalities.py::TestDetectModalitiesWithRealModel::test_detect_text_only_model PASSED [ 11%]
tests/unit/test_detect_modalities.py::TestDetectModalitiesWithRealModel::test_detect_omni_model PASSED [ 22%]
tests/unit/test_detect_modalities.py::TestAnalyzeConfig::test_text_only_config PASSED [ 33%]
tests/unit/test_detect_modalities.py::TestAnalyzeConfig::test_vision_config_detection PASSED [ 44%]
tests/unit/test_detect_modalities.py::TestAnalyzeConfig::test_omni_model_detection PASSED [ 55%]
tests/unit/test_detect_modalities.py::TestFormatReport::test_json_format PASSED [ 66%]
tests/unit/test_detect_modalities.py::TestFormatReport::test_human_readable_format PASSED [ 77%]
tests/unit/test_detect_modalities.py::TestEdgeCases::test_nonexistent_path PASSED [ 88%]
tests/unit/test_detect_modalities.py::TestEdgeCases::test_empty_config PASSED [100%]
======================================================================
TEST METRICS SUMMARY
======================================================================
Total: 9 | Passed: 9 | Failed: 0
Pass Rate: 100.0%
Duration: 0.00s
GPU: NVIDIA GeForce RTX 5080 Laptop GPU

Detailed Results: results/test_details.csv
======================================================================


============================== 9 passed in 3.01s ===============================

============================= test session starts ==============================
platform linux -- Python 3.10.19, pytest-9.0.2, pluggy-1.6.0 -- /home/rhushabh/miniconda3/envs/nexus/bin/python3.10
cachedir: .pytest_cache
rootdir: /mnt/d/Research Experiments/nexus
configfile: pytest.ini
plugins: cov-7.0.0, anyio-4.12.1
collecting ... collected 9 items

tests/unit/test_expanded_eval_suite.py::TestExpandedEvalSuite::test_mc_evaluator PASSED [ 11%]
tests/unit/test_expanded_eval_suite.py::TestExpandedEvalSuite::test_math_evaluator PASSED [ 22%]
tests/unit/test_expanded_eval_suite.py::TestExpandedEvalSuite::test_code_evaluator PASSED [ 33%]
tests/unit/test_expanded_eval_suite.py::TestExpandedEvalSuite::test_swe_evaluator PASSED [ 44%]
tests/unit/test_expanded_eval_suite.py::TestExpandedEvalSuite::test_load_samples_mc PASSED [ 55%]
tests/unit/test_expanded_eval_suite.py::TestExpandedEvalSuite::test_load_samples_math PASSED [ 66%]
tests/unit/test_expanded_eval_suite.py::TestExpandedEvalSuite::test_suite_run_all PASSED [ 77%]
tests/unit/test_expanded_eval_suite.py::TestExpandedEvalSuite::test_main_list PASSED [ 88%]
tests/unit/test_expanded_eval_suite.py::TestExpandedEvalSuite::test_main_execution PASSED [100%]
======================================================================
TEST METRICS SUMMARY
======================================================================
Total: 9 | Passed: 9 | Failed: 0
Pass Rate: 100.0%
Duration: 0.01s
GPU: NVIDIA GeForce RTX 5080 Laptop GPU

Detailed Results: results/test_details.csv
======================================================================


============================== 9 passed in 3.15s ===============================

============================= test session starts ==============================
platform linux -- Python 3.10.19, pytest-9.0.2, pluggy-1.6.0 -- /home/rhushabh/miniconda3/envs/nexus/bin/python3.10
cachedir: .pytest_cache
rootdir: /mnt/d/Research Experiments/nexus
configfile: pytest.ini
plugins: cov-7.0.0, anyio-4.12.1
collecting ... collected 3 items

tests/unit/test_explainer_api.py::TestExplainerAPI::test_health_check PASSED [ 33%]
tests/unit/test_explainer_api.py::TestExplainerAPI::test_generate_endpoint PASSED [ 66%]
tests/unit/test_explainer_api.py::TestExplainerAPI::test_generate_missing_prompt PASSED [100%]
======================================================================
TEST METRICS SUMMARY
======================================================================
Total: 3 | Passed: 3 | Failed: 0
Pass Rate: 100.0%
Duration: 0.03s
GPU: NVIDIA GeForce RTX 5080 Laptop GPU

Detailed Results: results/test_details.csv
======================================================================


============================== 3 passed in 2.35s ===============================

============================= test session starts ==============================
platform linux -- Python 3.10.19, pytest-9.0.2, pluggy-1.6.0 -- /home/rhushabh/miniconda3/envs/nexus/bin/python3.10
cachedir: .pytest_cache
rootdir: /mnt/d/Research Experiments/nexus
configfile: pytest.ini
plugins: cov-7.0.0, anyio-4.12.1
collecting ... collected 10 items

tests/unit/test_export_model.py::TestModelExporterImport::test_import_exporter PASSED [ 10%]
tests/unit/test_export_model.py::TestModelExporterImport::test_import_export_all_formats PASSED [ 20%]
tests/unit/test_export_model.py::TestModelExporterImport::test_supported_formats PASSED [ 30%]
tests/unit/test_export_model.py::TestModelExporterInit::test_init_with_valid_path PASSED [ 40%]
tests/unit/test_export_model.py::TestModelExporterInit::test_init_with_invalid_path PASSED [ 50%]
tests/unit/test_export_model.py::TestModelExporterSafetensors::test_export_safetensors PASSED [ 60%]
tests/unit/test_export_model.py::TestModelExporterFormats::test_invalid_format_raises PASSED [ 70%]
tests/unit/test_export_model.py::TestModelExporterFormats::test_case_insensitive_format PASSED [ 80%]
tests/unit/test_export_model.py::TestExportMain::test_main_exists PASSED [ 90%]
tests/unit/test_export_model.py::TestExportMain::test_main_calls_exporter PASSED [100%]
======================================================================
TEST METRICS SUMMARY
======================================================================
Total: 10 | Passed: 10 | Failed: 0
Pass Rate: 100.0%
Duration: 0.03s
GPU: NVIDIA GeForce RTX 5080 Laptop GPU

Detailed Results: results/test_details.csv
======================================================================


============================== 10 passed in 2.09s ==============================

============================= test session starts ==============================
platform linux -- Python 3.10.19, pytest-9.0.2, pluggy-1.6.0 -- /home/rhushabh/miniconda3/envs/nexus/bin/python3.10
cachedir: .pytest_cache
rootdir: /mnt/d/Research Experiments/nexus
configfile: pytest.ini
plugins: cov-7.0.0, anyio-4.12.1
collecting ... collected 17 items

tests/unit/test_fullstack_eval.py::TestFullstackEval::test_dummy_model PASSED [  5%]
tests/unit/test_fullstack_eval.py::TestFullstackEval::test_api_evaluator PASSED [ 11%]
tests/unit/test_fullstack_eval.py::TestFullstackEval::test_api_evaluator_pagination PASSED [ 17%]
tests/unit/test_fullstack_eval.py::TestFullstackEval::test_api_evaluator_cart PASSED [ 23%]
tests/unit/test_fullstack_eval.py::TestFullstackEval::test_sql_evaluator PASSED [ 29%]
tests/unit/test_fullstack_eval.py::TestFullstackEval::test_sql_evaluator_migration PASSED [ 35%]
tests/unit/test_fullstack_eval.py::TestFullstackEval::test_react_evaluator PASSED [ 41%]
tests/unit/test_fullstack_eval.py::TestFullstackEval::test_k8s_evaluator PASSED [ 47%]
tests/unit/test_fullstack_eval.py::TestFullstackEval::test_terraform_evaluator PASSED [ 52%]
tests/unit/test_fullstack_eval.py::TestFullstackEval::test_cicd_evaluator PASSED [ 58%]
tests/unit/test_fullstack_eval.py::TestFullstackEval::test_run_category PASSED [ 64%]
tests/unit/test_fullstack_eval.py::TestFullstackEval::test_run_category_invalid PASSED [ 70%]
tests/unit/test_fullstack_eval.py::TestFullstackEval::test_run_all PASSED [ 76%]
tests/unit/test_fullstack_eval.py::TestFullstackEval::test_save_results PASSED [ 82%]
tests/unit/test_fullstack_eval.py::TestFullstackEval::test_get_all_cases PASSED [ 88%]
tests/unit/test_fullstack_eval.py::TestFullstackEval::test_main_eval_all PASSED [ 94%]
tests/unit/test_fullstack_eval.py::TestFullstackEval::test_main_list_cases PASSED [100%]
======================================================================
TEST METRICS SUMMARY
======================================================================
Total: 17 | Passed: 17 | Failed: 0
Pass Rate: 100.0%
Duration: 0.02s
GPU: NVIDIA GeForce RTX 5080 Laptop GPU

Detailed Results: results/test_details.csv
======================================================================


============================== 17 passed in 3.07s ==============================

============================= test session starts ==============================
platform linux -- Python 3.10.19, pytest-9.0.2, pluggy-1.6.0 -- /home/rhushabh/miniconda3/envs/nexus/bin/python3.10
cachedir: .pytest_cache
rootdir: /mnt/d/Research Experiments/nexus
configfile: pytest.ini
plugins: cov-7.0.0, anyio-4.12.1
collecting ... collected 1 item

tests/unit/test_global_replace.py::test_replace_in_files PASSED          [100%]
======================================================================
TEST METRICS SUMMARY
======================================================================
Total: 1 | Passed: 1 | Failed: 0
Pass Rate: 100.0%
Duration: 0.00s
GPU: NVIDIA GeForce RTX 5080 Laptop GPU

Detailed Results: results/test_details.csv
======================================================================


============================== 1 passed in 2.09s ===============================

ERROR conda.cli.main_run:execute(127): `conda run pytest tests/unit/test_legacy_benchmarks.py -v --color=no` failed. (See above for error)
============================= test session starts ==============================
platform linux -- Python 3.10.19, pytest-9.0.2, pluggy-1.6.0 -- /home/rhushabh/miniconda3/envs/nexus/bin/python3.10
cachedir: .pytest_cache
rootdir: /mnt/d/Research Experiments/nexus
configfile: pytest.ini
plugins: cov-7.0.0, anyio-4.12.1
collecting ... collected 2 items

tests/unit/test_legacy_benchmarks.py::test_benchmark_baseline_main FAILED [ 50%]
tests/unit/test_legacy_benchmarks.py::test_benchmark_native_main FAILED  [100%]
======================================================================
TEST METRICS SUMMARY
======================================================================
Total: 2 | Passed: 0 | Failed: 2
Pass Rate: 0.0%
Duration: 3.63s
GPU: NVIDIA GeForce RTX 5080 Laptop GPU

Detailed Results: results/test_details.csv
======================================================================


=================================== FAILURES ===================================
_________________________ test_benchmark_baseline_main _________________________
tests/unit/test_legacy_benchmarks.py:11: in test_benchmark_baseline_main
    with patch("sys.argv", ["baseline.py"]), \
/home/rhushabh/miniconda3/envs/nexus/lib/python3.10/unittest/mock.py:1447: in __enter__
    original, local = self.get_original()
/home/rhushabh/miniconda3/envs/nexus/lib/python3.10/unittest/mock.py:1420: in get_original
    raise AttributeError(
E   AttributeError: <module 'src.benchmark_baseline' from '/mnt/d/Research Experiments/nexus/src/benchmark_baseline.py'> does not have the attribute 'MetricsTracker'
__________________________ test_benchmark_native_main __________________________
tests/unit/test_legacy_benchmarks.py:18: in test_benchmark_native_main
    with patch("sys.argv", ["native.py"]), \
/home/rhushabh/miniconda3/envs/nexus/lib/python3.10/unittest/mock.py:1447: in __enter__
    original, local = self.get_original()
/home/rhushabh/miniconda3/envs/nexus/lib/python3.10/unittest/mock.py:1420: in get_original
    raise AttributeError(
E   AttributeError: <module 'src.benchmark_native' from '/mnt/d/Research Experiments/nexus/src/benchmark_native.py'> does not have the attribute 'AutoTokenizer'
=========================== short test summary info ============================
FAILED tests/unit/test_legacy_benchmarks.py::test_benchmark_baseline_main - AttributeError: <module 'src.benchmark_baseline' from '/mnt/d/Research Experiments/nexus/src/benchmark_baseline.py'> does not have the attribute 'MetricsTracker'
FAILED tests/unit/test_legacy_benchmarks.py::test_benchmark_native_main - AttributeError: <module 'src.benchmark_native' from '/mnt/d/Research Experiments/nexus/src/benchmark_native.py'> does not have the attribute 'AutoTokenizer'
============================== 2 failed in 5.87s ===============================

============================= test session starts ==============================
platform linux -- Python 3.10.19, pytest-9.0.2, pluggy-1.6.0 -- /home/rhushabh/miniconda3/envs/nexus/bin/python3.10
cachedir: .pytest_cache
rootdir: /mnt/d/Research Experiments/nexus
configfile: pytest.ini
plugins: cov-7.0.0, anyio-4.12.1
collecting ... collected 13 items

tests/unit/test_lovable_benchmark.py::TestLovableBenchmark::test_dummy_model PASSED [  7%]
tests/unit/test_lovable_benchmark.py::TestLovableBenchmark::test_evaluate_response_basic PASSED [ 15%]
tests/unit/test_lovable_benchmark.py::TestLovableBenchmark::test_evaluate_response_rubrics PASSED [ 23%]
tests/unit/test_lovable_benchmark.py::TestLovableBenchmark::test_run_category PASSED [ 30%]
tests/unit/test_lovable_benchmark.py::TestLovableBenchmark::test_run_category_invalid PASSED [ 38%]
tests/unit/test_lovable_benchmark.py::TestLovableBenchmark::test_run_all PASSED [ 46%]
tests/unit/test_lovable_benchmark.py::TestLovableBenchmark::test_save_results PASSED [ 53%]
tests/unit/test_lovable_benchmark.py::TestLovableBenchmark::test_export_prompts PASSED [ 61%]
tests/unit/test_lovable_benchmark.py::TestLovableBenchmark::test_get_all_cases PASSED [ 69%]
tests/unit/test_lovable_benchmark.py::TestLovableBenchmark::test_main_eval_all PASSED [ 76%]
tests/unit/test_lovable_benchmark.py::TestLovableBenchmark::test_main_list_cases PASSED [ 84%]
tests/unit/test_lovable_benchmark.py::TestLovableBenchmark::test_main_export_prompts PASSED [ 92%]
tests/unit/test_lovable_benchmark.py::TestLovableBenchmark::test_main_eval_specific PASSED [100%]
======================================================================
TEST METRICS SUMMARY
======================================================================
Total: 13 | Passed: 13 | Failed: 0
Pass Rate: 100.0%
Duration: 0.01s
GPU: NVIDIA GeForce RTX 5080 Laptop GPU

Detailed Results: results/test_details.csv
======================================================================


============================== 13 passed in 3.28s ==============================

============================= test session starts ==============================
platform linux -- Python 3.10.19, pytest-9.0.2, pluggy-1.6.0 -- /home/rhushabh/miniconda3/envs/nexus/bin/python3.10
cachedir: .pytest_cache
rootdir: /mnt/d/Research Experiments/nexus
configfile: pytest.ini
plugins: cov-7.0.0, anyio-4.12.1
collecting ... collected 3 items

tests/unit/test_merging_logic.py::TestMergingLogic::test_linear_merge PASSED [ 33%]
tests/unit/test_merging_logic.py::TestMergingLogic::test_task_arithmetic PASSED [ 66%]
tests/unit/test_merging_logic.py::TestMergingLogic::test_ties_merging PASSED [100%]
======================================================================
TEST METRICS SUMMARY
======================================================================
Total: 3 | Passed: 3 | Failed: 0
Pass Rate: 100.0%
Duration: 4.77s
GPU: NVIDIA GeForce RTX 5080 Laptop GPU

Detailed Results: results/test_details.csv
======================================================================


============================== 3 passed in 6.82s ===============================

============================= test session starts ==============================
platform linux -- Python 3.10.19, pytest-9.0.2, pluggy-1.6.0 -- /home/rhushabh/miniconda3/envs/nexus/bin/python3.10
cachedir: .pytest_cache
rootdir: /mnt/d/Research Experiments/nexus
configfile: pytest.ini
plugins: cov-7.0.0, anyio-4.12.1
collecting ... collected 6 items

tests/unit/test_metrics_tracker.py::test_metrics_tracker_init PASSED     [ 16%]
tests/unit/test_metrics_tracker.py::test_log_training PASSED             [ 33%]
tests/unit/test_metrics_tracker.py::test_log_validation PASSED           [ 50%]
tests/unit/test_metrics_tracker.py::test_log_benchmark PASSED            [ 66%]
tests/unit/test_metrics_tracker.py::test_progress_tracker PASSED         [ 83%]
tests/unit/test_metrics_tracker.py::test_gpu_metrics_fallback PASSED     [100%]
======================================================================
TEST METRICS SUMMARY
======================================================================
Total: 6 | Passed: 6 | Failed: 0
Pass Rate: 100.0%
Duration: 0.02s
GPU: NVIDIA GeForce RTX 5080 Laptop GPU

Detailed Results: results/test_details.csv
======================================================================


============================== 6 passed in 1.60s ===============================

============================= test session starts ==============================
platform linux -- Python 3.10.19, pytest-9.0.2, pluggy-1.6.0 -- /home/rhushabh/miniconda3/envs/nexus/bin/python3.10
cachedir: .pytest_cache
rootdir: /mnt/d/Research Experiments/nexus
configfile: pytest.ini
plugins: cov-7.0.0, anyio-4.12.1
collecting ... collected 1 item

tests/unit/test_migrate_folders.py::test_simplify_folders PASSED         [100%]
======================================================================
TEST METRICS SUMMARY
======================================================================
Total: 1 | Passed: 1 | Failed: 0
Pass Rate: 100.0%
Duration: 0.00s
GPU: NVIDIA GeForce RTX 5080 Laptop GPU

Detailed Results: results/test_details.csv
======================================================================


============================== 1 passed in 1.63s ===============================

============================= test session starts ==============================
platform linux -- Python 3.10.19, pytest-9.0.2, pluggy-1.6.0 -- /home/rhushabh/miniconda3/envs/nexus/bin/python3.10
cachedir: .pytest_cache
rootdir: /mnt/d/Research Experiments/nexus
configfile: pytest.ini
plugins: cov-7.0.0, anyio-4.12.1
collecting ... collected 4 items

tests/unit/test_model_utils.py::test_check_modality_text PASSED          [ 25%]
tests/unit/test_model_utils.py::test_check_modality_multimodal_vision PASSED [ 50%]
tests/unit/test_model_utils.py::test_check_modality_multimodal_arch PASSED [ 75%]
tests/unit/test_model_utils.py::test_check_modality_error PASSED         [100%]
======================================================================
TEST METRICS SUMMARY
======================================================================
Total: 4 | Passed: 4 | Failed: 0
Pass Rate: 100.0%
Duration: 0.00s
GPU: NVIDIA GeForce RTX 5080 Laptop GPU

Detailed Results: results/test_details.csv
======================================================================


============================== 4 passed in 2.26s ===============================

============================= test session starts ==============================
platform linux -- Python 3.10.19, pytest-9.0.2, pluggy-1.6.0 -- /home/rhushabh/miniconda3/envs/nexus/bin/python3.10
cachedir: .pytest_cache
rootdir: /mnt/d/Research Experiments/nexus
configfile: pytest.ini
plugins: cov-7.0.0, anyio-4.12.1
collecting ... collected 13 items

tests/unit/test_multimodal_decoders.py::test_base_decoder PASSED         [  7%]
tests/unit/test_multimodal_decoders.py::test_image_decoder_init PASSED   [ 15%]
tests/unit/test_multimodal_decoders.py::test_image_decoder_file_not_found PASSED [ 23%]
tests/unit/test_multimodal_decoders.py::test_image_decoder_success PASSED [ 30%]
tests/unit/test_multimodal_decoders.py::test_image_decoder_error PASSED  [ 38%]
tests/unit/test_multimodal_decoders.py::test_image_decoder_no_processor PASSED [ 46%]
tests/unit/test_multimodal_decoders.py::test_audio_decoder_file_not_found PASSED [ 53%]
tests/unit/test_multimodal_decoders.py::test_audio_decoder_success PASSED [ 61%]
tests/unit/test_multimodal_decoders.py::test_audio_decoder_error PASSED  [ 69%]
tests/unit/test_multimodal_decoders.py::test_audio_decoder_no_processor PASSED [ 76%]
tests/unit/test_multimodal_decoders.py::test_audio_decoder_init_error PASSED [ 84%]
tests/unit/test_multimodal_decoders.py::test_video_decoder PASSED        [ 92%]
tests/unit/test_multimodal_decoders.py::test_omni_decoder PASSED         [100%]
======================================================================
TEST METRICS SUMMARY
======================================================================
Total: 13 | Passed: 13 | Failed: 0
Pass Rate: 100.0%
Duration: 17.52s
GPU: NVIDIA GeForce RTX 5080 Laptop GPU

Detailed Results: results/test_details.csv
======================================================================


============================= 13 passed in 22.49s ==============================

============================= test session starts ==============================
platform linux -- Python 3.10.19, pytest-9.0.2, pluggy-1.6.0 -- /home/rhushabh/miniconda3/envs/nexus/bin/python3.10
cachedir: .pytest_cache
rootdir: /mnt/d/Research Experiments/nexus
configfile: pytest.ini
plugins: cov-7.0.0, anyio-4.12.1
collecting ... collected 14 items

tests/unit/test_multimodal_model.py::TestMultimodalComponents::test_vision_encoder PASSED [  7%]
tests/unit/test_multimodal_model.py::TestMultimodalComponents::test_audio_encoder PASSED [ 14%]
tests/unit/test_multimodal_model.py::TestMultimodalComponents::test_speech_decoder_fail PASSED [ 21%]
tests/unit/test_multimodal_model.py::TestMultimodalComponents::test_save_pretrained PASSED [ 28%]
tests/unit/test_multimodal_model.py::TestMultimodalComponents::test_video_decoder PASSED [ 35%]
tests/unit/test_multimodal_model.py::TestMultimodalComponents::test_perceiver_resampler PASSED [ 42%]
tests/unit/test_multimodal_model.py::TestMultimodalComponents::test_modular_wrapper_forward_full PASSED [ 50%]
tests/unit/test_multimodal_model.py::TestOmniMultimodalLM::test_init_with_injection PASSED [ 57%]
tests/unit/test_multimodal_model.py::TestOmniMultimodalLM::test_forward_text_only PASSED [ 64%]
tests/unit/test_multimodal_model.py::TestOmniMultimodalLM::test_transplantation_success PASSED [ 71%]
tests/unit/test_multimodal_model.py::TestOmniMultimodalLM::test_gptq_fix PASSED [ 78%]
tests/unit/test_multimodal_model.py::TestOmniMultimodalLM::test_input_schema_full PASSED [ 85%]
tests/unit/test_multimodal_model.py::TestOmniMultimodalLM::test_save_pretrained_omni PASSED [ 92%]
tests/unit/test_multimodal_model.py::TestOmniMultimodalLM::test_forward_alias PASSED [100%]
======================================================================
TEST METRICS SUMMARY
======================================================================
Total: 14 | Passed: 14 | Failed: 0
Pass Rate: 100.0%
Duration: 14.52s
GPU: NVIDIA GeForce RTX 5080 Laptop GPU

Detailed Results: results/test_details.csv
======================================================================


============================= 14 passed in 19.17s ==============================

============================= test session starts ==============================
platform linux -- Python 3.10.19, pytest-9.0.2, pluggy-1.6.0 -- /home/rhushabh/miniconda3/envs/nexus/bin/python3.10
cachedir: .pytest_cache
rootdir: /mnt/d/Research Experiments/nexus
configfile: pytest.ini
plugins: cov-7.0.0, anyio-4.12.1
collecting ... collected 8 items

tests/unit/test_multimodal_tools.py::test_tool_dataclass PASSED          [ 12%]
tests/unit/test_multimodal_tools.py::test_tool_executor_registration PASSED [ 25%]
tests/unit/test_multimodal_tools.py::test_tool_executor_execute_success PASSED [ 37%]
tests/unit/test_multimodal_tools.py::test_tool_executor_not_found PASSED [ 50%]
tests/unit/test_multimodal_tools.py::test_tool_executor_error PASSED     [ 62%]
tests/unit/test_multimodal_tools.py::test_calculator PASSED              [ 75%]
tests/unit/test_multimodal_tools.py::test_search_web PASSED              [ 87%]
tests/unit/test_multimodal_tools.py::test_default_executor PASSED        [100%]
======================================================================
TEST METRICS SUMMARY
======================================================================
Total: 8 | Passed: 8 | Failed: 0
Pass Rate: 100.0%
Duration: 0.00s
GPU: NVIDIA GeForce RTX 5080 Laptop GPU

Detailed Results: results/test_details.csv
======================================================================


============================== 8 passed in 2.68s ===============================

============================= test session starts ==============================
platform linux -- Python 3.10.19, pytest-9.0.2, pluggy-1.6.0 -- /home/rhushabh/miniconda3/envs/nexus/bin/python3.10
cachedir: .pytest_cache
rootdir: /mnt/d/Research Experiments/nexus
configfile: pytest.ini
plugins: cov-7.0.0, anyio-4.12.1
collecting ... collected 2 items

tests/unit/test_multitask_balancing.py::TestMultitaskBalancing::test_interleaved_sampling PASSED [ 50%]
tests/unit/test_multitask_balancing.py::TestMultitaskBalancing::test_sequential_sampling PASSED [100%]
======================================================================
TEST METRICS SUMMARY
======================================================================
Total: 2 | Passed: 2 | Failed: 0
Pass Rate: 100.0%
Duration: 0.01s
GPU: NVIDIA GeForce RTX 5080 Laptop GPU

Detailed Results: results/test_details.csv
======================================================================


============================== 2 passed in 5.13s ===============================

============================= test session starts ==============================
platform linux -- Python 3.10.19, pytest-9.0.2, pluggy-1.6.0 -- /home/rhushabh/miniconda3/envs/nexus/bin/python3.10
cachedir: .pytest_cache
rootdir: /mnt/d/Research Experiments/nexus
configfile: pytest.ini
plugins: cov-7.0.0, anyio-4.12.1
collecting ... collected 5 items

tests/unit/test_omni_inference.py::TestOmniInference::test_init PASSED   [ 20%]
tests/unit/test_omni_inference.py::TestOmniInference::test_generate PASSED [ 40%]
tests/unit/test_omni_inference.py::TestOmniInference::test_generate_stream PASSED [ 60%]
tests/unit/test_omni_inference.py::TestOmniInference::test_generate_with_audio PASSED [ 80%]
tests/unit/test_omni_inference.py::TestOmniInference::test_chat PASSED   [100%]
======================================================================
TEST METRICS SUMMARY
======================================================================
Total: 5 | Passed: 5 | Failed: 0
Pass Rate: 100.0%
Duration: 0.54s
GPU: NVIDIA GeForce RTX 5080 Laptop GPU

Detailed Results: results/test_details.csv
======================================================================


============================== 5 passed in 2.60s ===============================

============================= test session starts ==============================
platform linux -- Python 3.10.19, pytest-9.0.2, pluggy-1.6.0 -- /home/rhushabh/miniconda3/envs/nexus/bin/python3.10
cachedir: .pytest_cache
rootdir: /mnt/d/Research Experiments/nexus
configfile: pytest.ini
plugins: cov-7.0.0, anyio-4.12.1
collecting ... collected 12 items

tests/unit/test_omni_loader.py::TestOmniModelDetection::test_import_loader PASSED [  8%]
tests/unit/test_omni_loader.py::TestOmniModelDetection::test_import_load_function PASSED [ 16%]
tests/unit/test_omni_loader.py::TestOmniModelDetection::test_import_config PASSED [ 25%]
tests/unit/test_omni_loader.py::TestOmniModelDetection::test_is_omni_model_true PASSED [ 33%]
tests/unit/test_omni_loader.py::TestOmniModelDetection::test_is_omni_model_false PASSED [ 41%]
tests/unit/test_omni_loader.py::TestOmniModelDetection::test_is_omni_model_nonexistent PASSED [ 50%]
tests/unit/test_omni_loader.py::TestOmniModelInfo::test_get_model_info_structure PASSED [ 58%]
tests/unit/test_omni_loader.py::TestOmniModelInfo::test_get_model_info_nonexistent PASSED [ 66%]
tests/unit/test_omni_loader.py::TestOmniModelLoading::test_load_thinker_only_mock PASSED [ 75%]
tests/unit/test_omni_loader.py::TestOmniModelLoading::test_load_for_training_mock PASSED [ 83%]
tests/unit/test_omni_loader.py::TestOmniInference::test_import_inference PASSED [ 91%]
tests/unit/test_omni_loader.py::TestOmniInference::test_generation_config_defaults PASSED [100%]
======================================================================
TEST METRICS SUMMARY
======================================================================
Total: 12 | Passed: 12 | Failed: 0
Pass Rate: 100.0%
Duration: 0.09s
GPU: NVIDIA GeForce RTX 5080 Laptop GPU

Detailed Results: results/test_details.csv
======================================================================


============================== 12 passed in 2.10s ==============================


CondaError: KeyboardInterrupt

============================= test session starts ==============================
platform linux -- Python 3.10.19, pytest-9.0.2, pluggy-1.6.0 -- /home/rhushabh/miniconda3/envs/nexus/bin/python3.10
cachedir: .pytest_cache
rootdir: /mnt/d/Research Experiments/nexus
configfile: pytest.ini
plugins: cov-7.0.0, anyio-4.12.1
collecting ... collected 6 items

tests/unit/test_orchestration_scripts_3.py::test_script_21_main FAILED   [ 16%]
tests/unit/test_orchestration_scripts_3.py::test_script_22_main FAILED   [ 33%]
tests/unit/test_orchestration_scripts_3.py::test_script_23_main FAILED   [ 50%]
tests/unit/test_orchestration_scripts_3.py::test_script_24_main FAILED   [ 66%]
tests/unit/test_orchestration_scripts_3.py::test_script_25_main FAILED   [ 83%]
tests/unit/test_orchestration_scripts_3.py::test_script_26_main FAILED   [100%]
======================================================================
TEST METRICS SUMMARY
======================================================================
Total: 6 | Passed: 0 | Failed: 6
Pass Rate: 0.0%
Duration: 13.58s
GPU: NVIDIA GeForce RTX 5080 Laptop GPU

Detailed Results: results/test_details.csv
======================================================================


=================================== FAILURES ===================================
_____________________________ test_script_21_main ______________________________
tests/unit/test_orchestration_scripts_3.py:16: in test_script_21_main
    with patch("sys.argv", ["21.py"]), \
/home/rhushabh/miniconda3/envs/nexus/lib/python3.10/unittest/mock.py:1447: in __enter__
    original, local = self.get_original()
/home/rhushabh/miniconda3/envs/nexus/lib/python3.10/unittest/mock.py:1420: in get_original
    raise AttributeError(
E   AttributeError: <module 'src.21_deployment_configs' from '/mnt/d/Research Experiments/nexus/src/21_deployment_configs.py'> does not have the attribute 'load_dataset_universal'
_____________________________ test_script_22_main ______________________________
tests/unit/test_orchestration_scripts_3.py:22: in test_script_22_main
    with patch("sys.argv", ["22.py"]), \
/home/rhushabh/miniconda3/envs/nexus/lib/python3.10/unittest/mock.py:1447: in __enter__
    original, local = self.get_original()
/home/rhushabh/miniconda3/envs/nexus/lib/python3.10/unittest/mock.py:1420: in get_original
    raise AttributeError(
E   AttributeError: <module 'src.22_multimodal_pipeline' from '/mnt/d/Research Experiments/nexus/src/22_multimodal_pipeline.py'> does not have the attribute 'OmniTrainingStage'
_____________________________ test_script_23_main ______________________________
tests/unit/test_orchestration_scripts_3.py:28: in test_script_23_main
    with patch("sys.argv", ["23.py"]), \
/home/rhushabh/miniconda3/envs/nexus/lib/python3.10/unittest/mock.py:1447: in __enter__
    original, local = self.get_original()
/home/rhushabh/miniconda3/envs/nexus/lib/python3.10/unittest/mock.py:1420: in get_original
    raise AttributeError(
E   AttributeError: <module 'src.23_multimodal_distillation' from '/mnt/d/Research Experiments/nexus/src/23_multimodal_distillation.py'> does not have the attribute 'MultimodalDistiller'
_____________________________ test_script_24_main ______________________________
tests/unit/test_orchestration_scripts_3.py:36: in test_script_24_main
    s24.main()
src/24_multimodal_training.py:440: in main
    args = parser.parse_args()
/home/rhushabh/miniconda3/envs/nexus/lib/python3.10/argparse.py:1833: in parse_args
    args, argv = self.parse_known_args(args, namespace)
/home/rhushabh/miniconda3/envs/nexus/lib/python3.10/argparse.py:1866: in parse_known_args
    namespace, args = self._parse_known_args(args, namespace)
/home/rhushabh/miniconda3/envs/nexus/lib/python3.10/argparse.py:2107: in _parse_known_args
    self.error(_('the following arguments are required: %s') %
/home/rhushabh/miniconda3/envs/nexus/lib/python3.10/argparse.py:2594: in error
    self.exit(2, _('%(prog)s: error: %(message)s\n') % args)
/home/rhushabh/miniconda3/envs/nexus/lib/python3.10/argparse.py:2581: in exit
    _sys.exit(status)
E   SystemExit: 2
----------------------------- Captured stderr call -----------------------------
usage: 24.py [-h] [--stage {1,2}] --data-path DATA_PATH
             [--output-dir OUTPUT_DIR] [--deepspeed DEEPSPEED]
             [--local_rank LOCAL_RANK] [--sample-size SAMPLE_SIZE]
             [--experiment-name EXPERIMENT_NAME] [--log-results]
             [--repetition-factor REPETITION_FACTOR]
             [--repetition-style REPETITION_STYLE]
24.py: error: the following arguments are required: --data-path
_____________________________ test_script_25_main ______________________________
tests/unit/test_orchestration_scripts_3.py:40: in test_script_25_main
    with patch("sys.argv", ["25.py"]), \
/home/rhushabh/miniconda3/envs/nexus/lib/python3.10/unittest/mock.py:1447: in __enter__
    original, local = self.get_original()
/home/rhushabh/miniconda3/envs/nexus/lib/python3.10/unittest/mock.py:1420: in get_original
    raise AttributeError(
E   AttributeError: <module 'src.25_realtime_streaming' from '/mnt/d/Research Experiments/nexus/src/25_realtime_streaming.py'> does not have the attribute 'OmniInference'
_____________________________ test_script_26_main ______________________________
tests/unit/test_orchestration_scripts_3.py:48: in test_script_26_main
    s26.main()
src/26_distributed_training.py:613: in main
    local_rank = setup_distributed(config)
src/26_distributed_training.py:315: in setup_distributed
    deepspeed.init_distributed()
/home/rhushabh/miniconda3/envs/nexus/lib/python3.10/site-packages/deepspeed/comm/comm.py:842: in init_distributed
    mpi_discovery(distributed_port=distributed_port, verbose=verbose)
/home/rhushabh/miniconda3/envs/nexus/lib/python3.10/site-packages/deepspeed/comm/comm.py:861: in mpi_discovery
    from mpi4py import MPI
E   ModuleNotFoundError: No module named 'mpi4py'
----------------------------- Captured stdout call -----------------------------
2026-01-24 17:52:48 - ============================================================
2026-01-24 17:52:48 -  DISTRIBUTED TRAINING
2026-01-24 17:52:48 -    Model: /mnt/e/data/models/Qwen2.5-Omni-7B-GPTQ-Int4
2026-01-24 17:52:48 -    Backend: deepspeed
2026-01-24 17:52:48 -    ZeRO Stage: 3
2026-01-24 17:52:48 -    GPUs: 1 x 1 nodes
2026-01-24 17:52:48 -    LoRA: 1
2026-01-24 17:52:48 - ============================================================
------------------------------ Captured log call -------------------------------
INFO     src.26_distributed_training:logging_config.py:101 ============================================================
INFO     src.26_distributed_training:logging_config.py:102  DISTRIBUTED TRAINING
INFO     src.26_distributed_training:logging_config.py:108    Model: /mnt/e/data/models/Qwen2.5-Omni-7B-GPTQ-Int4
INFO     src.26_distributed_training:logging_config.py:108    Backend: deepspeed
INFO     src.26_distributed_training:logging_config.py:106    ZeRO Stage: 3
INFO     src.26_distributed_training:logging_config.py:108    GPUs: 1 x 1 nodes
INFO     src.26_distributed_training:logging_config.py:106    LoRA: 1
INFO     src.26_distributed_training:logging_config.py:110 ============================================================
=========================== short test summary info ============================
FAILED tests/unit/test_orchestration_scripts_3.py::test_script_21_main - AttributeError: <module 'src.21_deployment_configs' from '/mnt/d/Research Experiments/nexus/src/21_deployment_configs.py'> does not have the attribute 'load_dataset_universal'
FAILED tests/unit/test_orchestration_scripts_3.py::test_script_22_main - AttributeError: <module 'src.22_multimodal_pipeline' from '/mnt/d/Research Experiments/nexus/src/22_multimodal_pipeline.py'> does not have the attribute 'OmniTrainingStage'
FAILED tests/unit/test_orchestration_scripts_3.py::test_script_23_main - AttributeError: <module 'src.23_multimodal_distillation' from '/mnt/d/Research Experiments/nexus/src/23_multimodal_distillation.py'> does not have the attribute 'MultimodalDistiller'
FAILED tests/unit/test_orchestration_scripts_3.py::test_script_24_main - SystemExit: 2
FAILED tests/unit/test_orchestration_scripts_3.py::test_script_25_main - AttributeError: <module 'src.25_realtime_streaming' from '/mnt/d/Research Experiments/nexus/src/25_realtime_streaming.py'> does not have the attribute 'OmniInference'
FAILED tests/unit/test_orchestration_scripts_3.py::test_script_26_main - ModuleNotFoundError: No module named 'mpi4py'
============================== 6 failed in 15.88s ==============================
ERROR conda.cli.main_run:execute(127): `conda run pytest tests/unit/test_orchestration_scripts_3.py -v --color=no` failed. (See above for error)

============================= test session starts ==============================
platform linux -- Python 3.10.19, pytest-9.0.2, pluggy-1.6.0 -- /home/rhushabh/miniconda3/envs/nexus/bin/python3.10
cachedir: .pytest_cache
rootdir: /mnt/d/Research Experiments/nexus
configfile: pytest.ini
plugins: cov-7.0.0, anyio-4.12.1
collecting ... collected 6 items

tests/unit/test_podcast_generator.py::test_turn_dataclass PASSED         [ 16%]
tests/unit/test_podcast_generator.py::test_podcast_script_serialization PASSED [ 33%]
tests/unit/test_podcast_generator.py::test_parse_script_json_success PASSED [ 50%]
tests/unit/test_podcast_generator.py::test_parse_script_json_failure PASSED [ 66%]
tests/unit/test_podcast_generator.py::test_generate_podcast_script PASSED [ 83%]
tests/unit/test_podcast_generator.py::test_handle_user_interrupt PASSED  [100%]
======================================================================
TEST METRICS SUMMARY
======================================================================
Total: 6 | Passed: 6 | Failed: 0
Pass Rate: 100.0%
Duration: 0.00s
GPU: NVIDIA GeForce RTX 5080 Laptop GPU

Detailed Results: results/test_details.csv
======================================================================


============================== 6 passed in 3.72s ===============================

ERROR conda.cli.main_run:execute(127): `conda run pytest tests/unit/test_podcast_synthesizer.py -v --color=no` failed. (See above for error)
============================= test session starts ==============================
platform linux -- Python 3.10.19, pytest-9.0.2, pluggy-1.6.0 -- /home/rhushabh/miniconda3/envs/nexus/bin/python3.10
cachedir: .pytest_cache
rootdir: /mnt/d/Research Experiments/nexus
configfile: pytest.ini
plugins: cov-7.0.0, anyio-4.12.1
collecting ... collected 8 items

tests/unit/test_podcast_synthesizer.py::test_audio_turn_dataclass PASSED [ 12%]
tests/unit/test_podcast_synthesizer.py::test_synthesize_tts_http PASSED  [ 25%]
tests/unit/test_podcast_synthesizer.py::test_synthesize_tts_personaplex FAILED [ 37%]
tests/unit/test_podcast_synthesizer.py::test_synthesize_tts_cli PASSED   [ 50%]
tests/unit/test_podcast_synthesizer.py::test_play_audio_linux PASSED     [ 62%]
tests/unit/test_podcast_synthesizer.py::TestPodcastPlayer::test_player_init PASSED [ 75%]
tests/unit/test_podcast_synthesizer.py::TestPodcastPlayer::test_player_run_loop PASSED [ 87%]
tests/unit/test_podcast_synthesizer.py::TestPodcastPlayer::test_player_interrupt PASSED [100%]
======================================================================
TEST METRICS SUMMARY
======================================================================
Total: 8 | Passed: 7 | Failed: 1
Pass Rate: 87.5%
Duration: 0.96s
GPU: NVIDIA GeForce RTX 5080 Laptop GPU

Detailed Results: results/test_details.csv
======================================================================


=================================== FAILURES ===================================
_______________________ test_synthesize_tts_personaplex ________________________
tests/unit/test_podcast_synthesizer.py:40: in test_synthesize_tts_personaplex
    path = synthesize_tts("Host A", "Hello", temp_audio_dir, tts_backend="personaplex")
src/podcast/synthesizer.py:116: in synthesize_tts
    from voice_engine.registry import voice_registry
E   ModuleNotFoundError: No module named 'voice_engine'
=========================== short test summary info ============================
FAILED tests/unit/test_podcast_synthesizer.py::test_synthesize_tts_personaplex - ModuleNotFoundError: No module named 'voice_engine'
========================= 1 failed, 7 passed in 5.22s ==========================

============================= test session starts ==============================
platform linux -- Python 3.10.19, pytest-9.0.2, pluggy-1.6.0 -- /home/rhushabh/miniconda3/envs/nexus/bin/python3.10
cachedir: .pytest_cache
rootdir: /mnt/d/Research Experiments/nexus
configfile: pytest.ini
plugins: cov-7.0.0, anyio-4.12.1
collecting ... collected 3 items

tests/unit/test_prefetch_assets.py::test_extract_urls PASSED             [ 33%]
tests/unit/test_prefetch_assets.py::test_download_asset PASSED           [ 66%]
tests/unit/test_prefetch_assets.py::test_download_asset_skip_existing PASSED [100%]
======================================================================
TEST METRICS SUMMARY
======================================================================
Total: 3 | Passed: 3 | Failed: 0
Pass Rate: 100.0%
Duration: 0.00s
GPU: NVIDIA GeForce RTX 5080 Laptop GPU

Detailed Results: results/test_details.csv
======================================================================


============================== 3 passed in 2.30s ===============================

============================= test session starts ==============================
platform linux -- Python 3.10.19, pytest-9.0.2, pluggy-1.6.0 -- /home/rhushabh/miniconda3/envs/nexus/bin/python3.10
cachedir: .pytest_cache
rootdir: /mnt/d/Research Experiments/nexus
configfile: pytest.ini
plugins: cov-7.0.0, anyio-4.12.1
collecting ... collected 1 item

tests/unit/test_recursion.py::test_recursive_discovery_and_loading PASSED [100%]
======================================================================
TEST METRICS SUMMARY
======================================================================
Total: 1 | Passed: 1 | Failed: 0
Pass Rate: 100.0%
Duration: 0.00s
GPU: NVIDIA GeForce RTX 5080 Laptop GPU

Detailed Results: results/test_details.csv
======================================================================


============================== 1 passed in 2.09s ===============================


CondaError: KeyboardInterrupt

============================= test session starts ==============================
platform linux -- Python 3.10.19, pytest-9.0.2, pluggy-1.6.0 -- /home/rhushabh/miniconda3/envs/nexus/bin/python3.10
cachedir: .pytest_cache
rootdir: /mnt/d/Research Experiments/nexus
configfile: pytest.ini
plugins: cov-7.0.0, anyio-4.12.1
collecting ... collected 3 items

tests/unit/test_remaining_benchmarks.py::test_benchmark_omni_inference_main PASSED [ 33%]
tests/unit/test_remaining_benchmarks.py::test_benchmark_data_processing_main PASSED [ 66%]
tests/unit/test_remaining_benchmarks.py::test_benchmark_repetition_main SKIPPED [100%]
======================================================================
TEST METRICS SUMMARY
======================================================================
Total: 3 | Passed: 2 | Failed: 0
Pass Rate: 66.7%
Duration: 5.92s
GPU: NVIDIA GeForce RTX 5080 Laptop GPU

Detailed Results: results/test_details.csv
======================================================================


========================= 2 passed, 1 skipped in 7.88s =========================

============================= test session starts ==============================
platform linux -- Python 3.10.19, pytest-9.0.2, pluggy-1.6.0 -- /home/rhushabh/miniconda3/envs/nexus/bin/python3.10
cachedir: .pytest_cache
rootdir: /mnt/d/Research Experiments/nexus
configfile: pytest.ini
plugins: cov-7.0.0, anyio-4.12.1
collecting ... collected 9 items

tests/unit/test_remotion_capability.py::TestRemotionCapability::test_capability_registration PASSED [ 11%]
tests/unit/test_remotion_capability.py::TestRemotionCapability::test_remotion_stage_initialization PASSED [ 22%]
tests/unit/test_remotion_capability.py::TestRemotionCapability::test_remotion_stage_prepare_dry_run PASSED [ 33%]
tests/unit/test_remotion_capability.py::TestRemotionCapability::test_remotion_lib_files_exist PASSED [ 44%]
tests/unit/test_remotion_capability.py::TestRemotionCapability::test_generator_outputs_new_components PASSED [ 55%]
tests/unit/test_remotion_capability.py::TestRemotionCapability::test_generator_custom_weights PASSED [ 66%]
tests/unit/test_remotion_capability.py::TestDatasetGenerator::test_dataset_script_exists PASSED [ 77%]
tests/unit/test_remotion_capability.py::TestDatasetGenerator::test_dataset_output_exists PASSED [ 88%]
tests/unit/test_remotion_capability.py::TestDatasetGenerator::test_system_prompt_exists PASSED [100%]
======================================================================
TEST METRICS SUMMARY
======================================================================
Total: 9 | Passed: 9 | Failed: 0
Pass Rate: 100.0%
Duration: 0.37s
GPU: NVIDIA GeForce RTX 5080 Laptop GPU

Detailed Results: results/test_details.csv
======================================================================


============================== 9 passed in 6.55s ===============================

============================= test session starts ==============================
platform linux -- Python 3.10.19, pytest-9.0.2, pluggy-1.6.0 -- /home/rhushabh/miniconda3/envs/nexus/bin/python3.10
cachedir: .pytest_cache
rootdir: /mnt/d/Research Experiments/nexus
configfile: pytest.ini
plugins: cov-7.0.0, anyio-4.12.1
collecting ... collected 6 items

tests/unit/test_orchestration_scripts_3.py::test_script_21_main FAILED   [ 16%]
tests/unit/test_orchestration_scripts_3.py::test_script_22_main FAILED   [ 33%]
tests/unit/test_orchestration_scripts_3.py::test_script_23_main FAILED   [ 50%]
tests/unit/test_orchestration_scripts_3.py::test_script_24_main FAILED   [ 66%]
tests/unit/test_orchestration_scripts_3.py::test_script_25_main FAILED   [ 83%]
tests/unit/test_orchestration_scripts_3.py::test_script_26_main FAILED   [100%]
======================================================================
TEST METRICS SUMMARY
======================================================================
Total: 6 | Passed: 0 | Failed: 6
Pass Rate: 0.0%
Duration: 9.20s
GPU: NVIDIA GeForce RTX 5080 Laptop GPU

Detailed Results: results/test_details.csv
======================================================================


=================================== FAILURES ===================================
_____________________________ test_script_21_main ______________________________
tests/unit/test_orchestration_scripts_3.py:16: in test_script_21_main
    with patch("sys.argv", ["21.py"]), \
/home/rhushabh/miniconda3/envs/nexus/lib/python3.10/unittest/mock.py:1447: in __enter__
    original, local = self.get_original()
/home/rhushabh/miniconda3/envs/nexus/lib/python3.10/unittest/mock.py:1420: in get_original
    raise AttributeError(
E   AttributeError: <module 'src.21_deployment_configs' from '/mnt/d/Research Experiments/nexus/src/21_deployment_configs.py'> does not have the attribute 'load_dataset_universal'
_____________________________ test_script_22_main ______________________________
tests/unit/test_orchestration_scripts_3.py:22: in test_script_22_main
    with patch("sys.argv", ["22.py"]), \
/home/rhushabh/miniconda3/envs/nexus/lib/python3.10/unittest/mock.py:1447: in __enter__
    original, local = self.get_original()
/home/rhushabh/miniconda3/envs/nexus/lib/python3.10/unittest/mock.py:1420: in get_original
    raise AttributeError(
E   AttributeError: <module 'src.22_multimodal_pipeline' from '/mnt/d/Research Experiments/nexus/src/22_multimodal_pipeline.py'> does not have the attribute 'OmniTrainingStage'
_____________________________ test_script_23_main ______________________________
tests/unit/test_orchestration_scripts_3.py:28: in test_script_23_main
    with patch("sys.argv", ["23.py"]), \
/home/rhushabh/miniconda3/envs/nexus/lib/python3.10/unittest/mock.py:1447: in __enter__
    original, local = self.get_original()
/home/rhushabh/miniconda3/envs/nexus/lib/python3.10/unittest/mock.py:1420: in get_original
    raise AttributeError(
E   AttributeError: <module 'src.23_multimodal_distillation' from '/mnt/d/Research Experiments/nexus/src/23_multimodal_distillation.py'> does not have the attribute 'MultimodalDistiller'
_____________________________ test_script_24_main ______________________________
tests/unit/test_orchestration_scripts_3.py:36: in test_script_24_main
    s24.main()
src/24_multimodal_training.py:440: in main
    args = parser.parse_args()
/home/rhushabh/miniconda3/envs/nexus/lib/python3.10/argparse.py:1833: in parse_args
    args, argv = self.parse_known_args(args, namespace)
/home/rhushabh/miniconda3/envs/nexus/lib/python3.10/argparse.py:1866: in parse_known_args
    namespace, args = self._parse_known_args(args, namespace)
/home/rhushabh/miniconda3/envs/nexus/lib/python3.10/argparse.py:2107: in _parse_known_args
    self.error(_('the following arguments are required: %s') %
/home/rhushabh/miniconda3/envs/nexus/lib/python3.10/argparse.py:2594: in error
    self.exit(2, _('%(prog)s: error: %(message)s\n') % args)
/home/rhushabh/miniconda3/envs/nexus/lib/python3.10/argparse.py:2581: in exit
    _sys.exit(status)
E   SystemExit: 2
----------------------------- Captured stderr call -----------------------------
usage: 24.py [-h] [--stage {1,2}] --data-path DATA_PATH
             [--output-dir OUTPUT_DIR] [--deepspeed DEEPSPEED]
             [--local_rank LOCAL_RANK] [--sample-size SAMPLE_SIZE]
             [--experiment-name EXPERIMENT_NAME] [--log-results]
             [--repetition-factor REPETITION_FACTOR]
             [--repetition-style REPETITION_STYLE]
24.py: error: the following arguments are required: --data-path
_____________________________ test_script_25_main ______________________________
tests/unit/test_orchestration_scripts_3.py:40: in test_script_25_main
    with patch("sys.argv", ["25.py"]), \
/home/rhushabh/miniconda3/envs/nexus/lib/python3.10/unittest/mock.py:1447: in __enter__
    original, local = self.get_original()
/home/rhushabh/miniconda3/envs/nexus/lib/python3.10/unittest/mock.py:1420: in get_original
    raise AttributeError(
E   AttributeError: <module 'src.25_realtime_streaming' from '/mnt/d/Research Experiments/nexus/src/25_realtime_streaming.py'> does not have the attribute 'OmniInference'
_____________________________ test_script_26_main ______________________________
tests/unit/test_orchestration_scripts_3.py:48: in test_script_26_main
    s26.main()
src/26_distributed_training.py:613: in main
    local_rank = setup_distributed(config)
src/26_distributed_training.py:315: in setup_distributed
    deepspeed.init_distributed()
/home/rhushabh/miniconda3/envs/nexus/lib/python3.10/site-packages/deepspeed/comm/comm.py:842: in init_distributed
    mpi_discovery(distributed_port=distributed_port, verbose=verbose)
/home/rhushabh/miniconda3/envs/nexus/lib/python3.10/site-packages/deepspeed/comm/comm.py:861: in mpi_discovery
    from mpi4py import MPI
E   ModuleNotFoundError: No module named 'mpi4py'
----------------------------- Captured stdout call -----------------------------
2026-01-24 17:53:40 - ============================================================
2026-01-24 17:53:40 -  DISTRIBUTED TRAINING
2026-01-24 17:53:40 -    Model: /mnt/e/data/models/Qwen2.5-Omni-7B-GPTQ-Int4
2026-01-24 17:53:40 -    Backend: deepspeed
2026-01-24 17:53:40 -    ZeRO Stage: 3
2026-01-24 17:53:40 -    GPUs: 1 x 1 nodes
2026-01-24 17:53:40 -    LoRA: 1
2026-01-24 17:53:40 - ============================================================
------------------------------ Captured log call -------------------------------
INFO     src.26_distributed_training:logging_config.py:101 ============================================================
INFO     src.26_distributed_training:logging_config.py:102  DISTRIBUTED TRAINING
INFO     src.26_distributed_training:logging_config.py:108    Model: /mnt/e/data/models/Qwen2.5-Omni-7B-GPTQ-Int4
INFO     src.26_distributed_training:logging_config.py:108    Backend: deepspeed
INFO     src.26_distributed_training:logging_config.py:106    ZeRO Stage: 3
INFO     src.26_distributed_training:logging_config.py:108    GPUs: 1 x 1 nodes
INFO     src.26_distributed_training:logging_config.py:106    LoRA: 1
INFO     src.26_distributed_training:logging_config.py:110 ============================================================
=========================== short test summary info ============================
FAILED tests/unit/test_orchestration_scripts_3.py::test_script_21_main - AttributeError: <module 'src.21_deployment_configs' from '/mnt/d/Research Experiments/nexus/src/21_deployment_configs.py'> does not have the attribute 'load_dataset_universal'
FAILED tests/unit/test_orchestration_scripts_3.py::test_script_22_main - AttributeError: <module 'src.22_multimodal_pipeline' from '/mnt/d/Research Experiments/nexus/src/22_multimodal_pipeline.py'> does not have the attribute 'OmniTrainingStage'
FAILED tests/unit/test_orchestration_scripts_3.py::test_script_23_main - AttributeError: <module 'src.23_multimodal_distillation' from '/mnt/d/Research Experiments/nexus/src/23_multimodal_distillation.py'> does not have the attribute 'MultimodalDistiller'
FAILED tests/unit/test_orchestration_scripts_3.py::test_script_24_main - SystemExit: 2
FAILED tests/unit/test_orchestration_scripts_3.py::test_script_25_main - AttributeError: <module 'src.25_realtime_streaming' from '/mnt/d/Research Experiments/nexus/src/25_realtime_streaming.py'> does not have the attribute 'OmniInference'
FAILED tests/unit/test_orchestration_scripts_3.py::test_script_26_main - ModuleNotFoundError: No module named 'mpi4py'
============================== 6 failed in 12.31s ==============================
ERROR conda.cli.main_run:execute(127): `conda run pytest tests/unit/test_orchestration_scripts_3.py -v --color=no` failed. (See above for error)

============================= test session starts ==============================
platform linux -- Python 3.10.19, pytest-9.0.2, pluggy-1.6.0 -- /home/rhushabh/miniconda3/envs/nexus/bin/python3.10
cachedir: .pytest_cache
rootdir: /mnt/d/Research Experiments/nexus
configfile: pytest.ini
plugins: cov-7.0.0, anyio-4.12.1
collecting ... collected 4 items

tests/unit/test_remotion_dataset_gen.py::test_generate_sample_basic PASSED [ 25%]
tests/unit/test_remotion_dataset_gen.py::test_generate_sample_with_weights PASSED [ 50%]
tests/unit/test_remotion_dataset_gen.py::test_generate_sample_kb_content PASSED [ 75%]
tests/unit/test_remotion_dataset_gen.py::test_generate_sample_map PASSED [100%]
======================================================================
TEST METRICS SUMMARY
======================================================================
Total: 4 | Passed: 4 | Failed: 0
Pass Rate: 100.0%
Duration: 0.00s
GPU: NVIDIA GeForce RTX 5080 Laptop GPU

Detailed Results: results/test_details.csv
======================================================================


============================== 4 passed in 1.74s ===============================

============================= test session starts ==============================
platform linux -- Python 3.10.19, pytest-9.0.2, pluggy-1.6.0 -- /home/rhushabh/miniconda3/envs/nexus/bin/python3.10
cachedir: .pytest_cache
rootdir: /mnt/d/Research Experiments/nexus
configfile: pytest.ini
plugins: cov-7.0.0, anyio-4.12.1
collecting ... collected 6 items

tests/unit/test_podcast_generator.py::test_turn_dataclass PASSED         [ 16%]
tests/unit/test_podcast_generator.py::test_podcast_script_serialization PASSED [ 33%]
tests/unit/test_podcast_generator.py::test_parse_script_json_success PASSED [ 50%]
tests/unit/test_podcast_generator.py::test_parse_script_json_failure PASSED [ 66%]
tests/unit/test_podcast_generator.py::test_generate_podcast_script PASSED [ 83%]
tests/unit/test_podcast_generator.py::test_handle_user_interrupt PASSED  [100%]
======================================================================
TEST METRICS SUMMARY
======================================================================
Total: 6 | Passed: 6 | Failed: 0
Pass Rate: 100.0%
Duration: 0.00s
GPU: NVIDIA GeForce RTX 5080 Laptop GPU

Detailed Results: results/test_details.csv
======================================================================


============================== 6 passed in 3.57s ===============================

============================= test session starts ==============================
platform linux -- Python 3.10.19, pytest-9.0.2, pluggy-1.6.0 -- /home/rhushabh/miniconda3/envs/nexus/bin/python3.10
cachedir: .pytest_cache
rootdir: /mnt/d/Research Experiments/nexus
configfile: pytest.ini
plugins: cov-7.0.0, anyio-4.12.1
collecting ... collected 4 items

tests/unit/test_remotion_engine.py::TestRemotionEngine::test_extract_tsx PASSED [ 25%]
tests/unit/test_remotion_engine.py::TestRemotionEngine::test_extract_tsx_no_blocks PASSED [ 50%]
tests/unit/test_remotion_engine.py::TestRemotionEngine::test_generate_video_flow PASSED [ 75%]
tests/unit/test_remotion_engine.py::TestRemotionEngine::test_generate_video_with_narration PASSED [100%]
======================================================================
TEST METRICS SUMMARY
======================================================================
Total: 4 | Passed: 4 | Failed: 0
Pass Rate: 100.0%
Duration: 0.00s
GPU: NVIDIA GeForce RTX 5080 Laptop GPU

Detailed Results: results/test_details.csv
======================================================================


============================== 4 passed in 2.28s ===============================

============================= test session starts ==============================
platform linux -- Python 3.10.19, pytest-9.0.2, pluggy-1.6.0 -- /home/rhushabh/miniconda3/envs/nexus/bin/python3.10
cachedir: .pytest_cache
rootdir: /mnt/d/Research Experiments/nexus
configfile: pytest.ini
plugins: cov-7.0.0, anyio-4.12.1
collecting ... collected 6 items

tests/unit/test_repetition.py::test_repetition_baseline PASSED           [ 16%]
tests/unit/test_repetition.py::test_repetition_2x PASSED                 [ 33%]
tests/unit/test_repetition.py::test_repetition_3x PASSED                 [ 50%]
tests/unit/test_repetition.py::test_repetition_verbose PASSED            [ 66%]
tests/unit/test_repetition.py::test_repetition_with_context PASSED       [ 83%]
tests/unit/test_repetition.py::test_repetition_default_fallback PASSED   [100%]
======================================================================
TEST METRICS SUMMARY
======================================================================
Total: 6 | Passed: 6 | Failed: 0
Pass Rate: 100.0%
Duration: 0.00s
GPU: NVIDIA GeForce RTX 5080 Laptop GPU

Detailed Results: results/test_details.csv
======================================================================


============================== 6 passed in 1.89s ===============================

ERROR conda.cli.main_run:execute(127): `conda run pytest tests/unit/test_podcast_synthesizer.py -v --color=no` failed. (See above for error)
============================= test session starts ==============================
platform linux -- Python 3.10.19, pytest-9.0.2, pluggy-1.6.0 -- /home/rhushabh/miniconda3/envs/nexus/bin/python3.10
cachedir: .pytest_cache
rootdir: /mnt/d/Research Experiments/nexus
configfile: pytest.ini
plugins: cov-7.0.0, anyio-4.12.1
collecting ... collected 8 items

tests/unit/test_podcast_synthesizer.py::test_audio_turn_dataclass PASSED [ 12%]
tests/unit/test_podcast_synthesizer.py::test_synthesize_tts_http PASSED  [ 25%]
tests/unit/test_podcast_synthesizer.py::test_synthesize_tts_personaplex FAILED [ 37%]
tests/unit/test_podcast_synthesizer.py::test_synthesize_tts_cli PASSED   [ 50%]
tests/unit/test_podcast_synthesizer.py::test_play_audio_linux PASSED     [ 62%]
tests/unit/test_podcast_synthesizer.py::TestPodcastPlayer::test_player_init PASSED [ 75%]
tests/unit/test_podcast_synthesizer.py::TestPodcastPlayer::test_player_run_loop PASSED [ 87%]
tests/unit/test_podcast_synthesizer.py::TestPodcastPlayer::test_player_interrupt PASSED [100%]
======================================================================
TEST METRICS SUMMARY
======================================================================
Total: 8 | Passed: 7 | Failed: 1
Pass Rate: 87.5%
Duration: 0.62s
GPU: NVIDIA GeForce RTX 5080 Laptop GPU

Detailed Results: results/test_details.csv
======================================================================


=================================== FAILURES ===================================
_______________________ test_synthesize_tts_personaplex ________________________
tests/unit/test_podcast_synthesizer.py:40: in test_synthesize_tts_personaplex
    path = synthesize_tts("Host A", "Hello", temp_audio_dir, tts_backend="personaplex")
src/podcast/synthesizer.py:116: in synthesize_tts
    from voice_engine.registry import voice_registry
E   ModuleNotFoundError: No module named 'voice_engine'
=========================== short test summary info ============================
FAILED tests/unit/test_podcast_synthesizer.py::test_synthesize_tts_personaplex - ModuleNotFoundError: No module named 'voice_engine'
========================= 1 failed, 7 passed in 4.86s ==========================

============================= test session starts ==============================
platform linux -- Python 3.10.19, pytest-9.0.2, pluggy-1.6.0 -- /home/rhushabh/miniconda3/envs/nexus/bin/python3.10
cachedir: .pytest_cache
rootdir: /mnt/d/Research Experiments/nexus
configfile: pytest.ini
plugins: cov-7.0.0, anyio-4.12.1
collecting ... collected 1 item

tests/unit/test_results_logger.py::test_results_logger PASSED            [100%]
======================================================================
TEST METRICS SUMMARY
======================================================================
Total: 1 | Passed: 1 | Failed: 0
Pass Rate: 100.0%
Duration: 0.00s
GPU: NVIDIA GeForce RTX 5080 Laptop GPU

Detailed Results: results/test_details.csv
======================================================================


============================== 1 passed in 1.75s ===============================

============================= test session starts ==============================
platform linux -- Python 3.10.19, pytest-9.0.2, pluggy-1.6.0 -- /home/rhushabh/miniconda3/envs/nexus/bin/python3.10
cachedir: .pytest_cache
rootdir: /mnt/d/Research Experiments/nexus
configfile: pytest.ini
plugins: cov-7.0.0, anyio-4.12.1
collecting ... collected 3 items

tests/unit/test_prefetch_assets.py::test_extract_urls PASSED             [ 33%]
tests/unit/test_prefetch_assets.py::test_download_asset PASSED           [ 66%]
tests/unit/test_prefetch_assets.py::test_download_asset_skip_existing PASSED [100%]
======================================================================
TEST METRICS SUMMARY
======================================================================
Total: 3 | Passed: 3 | Failed: 0
Pass Rate: 100.0%
Duration: 0.00s
GPU: NVIDIA GeForce RTX 5080 Laptop GPU

Detailed Results: results/test_details.csv
======================================================================


============================== 3 passed in 1.80s ===============================

============================= test session starts ==============================
platform linux -- Python 3.10.19, pytest-9.0.2, pluggy-1.6.0 -- /home/rhushabh/miniconda3/envs/nexus/bin/python3.10
cachedir: .pytest_cache
rootdir: /mnt/d/Research Experiments/nexus
configfile: pytest.ini
plugins: cov-7.0.0, anyio-4.12.1
collecting ... collected 4 items

tests/unit/test_resume_gen.py::test_gen_log_extraction PASSED            [ 25%]
tests/unit/test_resume_gen.py::test_gen_json_lookup PASSED               [ 50%]
tests/unit/test_resume_gen.py::test_gen_directory_lookup PASSED          [ 75%]
tests/unit/test_resume_gen.py::test_gen_table_lookup PASSED              [100%]
======================================================================
TEST METRICS SUMMARY
======================================================================
Total: 4 | Passed: 4 | Failed: 0
Pass Rate: 100.0%
Duration: 0.00s
GPU: NVIDIA GeForce RTX 5080 Laptop GPU

Detailed Results: results/test_details.csv
======================================================================


============================== 4 passed in 1.74s ===============================

============================= test session starts ==============================
platform linux -- Python 3.10.19, pytest-9.0.2, pluggy-1.6.0 -- /home/rhushabh/miniconda3/envs/nexus/bin/python3.10
cachedir: .pytest_cache
rootdir: /mnt/d/Research Experiments/nexus
configfile: pytest.ini
plugins: cov-7.0.0, anyio-4.12.1
collecting ... collected 1 item

tests/unit/test_recursion.py::test_recursive_discovery_and_loading PASSED [100%]
======================================================================
TEST METRICS SUMMARY
======================================================================
Total: 1 | Passed: 1 | Failed: 0
Pass Rate: 100.0%
Duration: 0.00s
GPU: NVIDIA GeForce RTX 5080 Laptop GPU

Detailed Results: results/test_details.csv
======================================================================


============================== 1 passed in 1.76s ===============================

============================= test session starts ==============================
platform linux -- Python 3.10.19, pytest-9.0.2, pluggy-1.6.0 -- /home/rhushabh/miniconda3/envs/nexus/bin/python3.10
cachedir: .pytest_cache
rootdir: /mnt/d/Research Experiments/nexus
configfile: pytest.ini
plugins: cov-7.0.0, anyio-4.12.1
collecting ... collected 21 items

tests/unit/test_reward_functions.py::TestRewardConfig::test_default_config PASSED [  4%]
tests/unit/test_reward_functions.py::TestRewardConfig::test_custom_config PASSED [  9%]
tests/unit/test_reward_functions.py::TestCorrectnessReward::test_exact_numeric_match PASSED [ 14%]
tests/unit/test_reward_functions.py::TestCorrectnessReward::test_approximate_numeric_match PASSED [ 19%]
tests/unit/test_reward_functions.py::TestCorrectnessReward::test_incorrect_answer PASSED [ 23%]
tests/unit/test_reward_functions.py::TestCorrectnessReward::test_string_exact_match PASSED [ 28%]
tests/unit/test_reward_functions.py::TestCorrectnessReward::test_string_contains_match PASSED [ 33%]
tests/unit/test_reward_functions.py::TestFormatReward::test_proper_thinking_format PASSED [ 38%]
tests/unit/test_reward_functions.py::TestFormatReward::test_missing_thinking_tags PASSED [ 42%]
tests/unit/test_reward_functions.py::TestFormatReward::test_wrong_tag_order PASSED [ 47%]
tests/unit/test_reward_functions.py::TestLengthReward::test_optimal_length PASSED [ 52%]
tests/unit/test_reward_functions.py::TestLengthReward::test_too_short PASSED [ 57%]
tests/unit/test_reward_functions.py::TestLengthReward::test_too_long PASSED [ 61%]
tests/unit/test_reward_functions.py::TestConsistencyReward::test_self_verification PASSED [ 66%]
tests/unit/test_reward_functions.py::TestConsistencyReward::test_logical_connectors PASSED [ 71%]
tests/unit/test_reward_functions.py::TestProcessReward::test_multiple_steps PASSED [ 76%]
tests/unit/test_reward_functions.py::TestCombinedReward::test_combined_reward PASSED [ 80%]
tests/unit/test_reward_functions.py::TestCreateRewardFunction::test_create_combined PASSED [ 85%]
tests/unit/test_reward_functions.py::TestCreateRewardFunction::test_create_correctness PASSED [ 90%]
tests/unit/test_reward_functions.py::TestCreateRewardFunction::test_create_with_config PASSED [ 95%]
tests/unit/test_reward_functions.py::TestCreateRewardFunction::test_invalid_type PASSED [100%]
======================================================================
TEST METRICS SUMMARY
======================================================================
Total: 21 | Passed: 21 | Failed: 0
Pass Rate: 100.0%
Duration: 0.00s
GPU: NVIDIA GeForce RTX 5080 Laptop GPU

Detailed Results: results/test_details.csv
======================================================================


============================== 21 passed in 1.84s ==============================

============================= test session starts ==============================
platform linux -- Python 3.10.19, pytest-9.0.2, pluggy-1.6.0 -- /home/rhushabh/miniconda3/envs/nexus/bin/python3.10
cachedir: .pytest_cache
rootdir: /mnt/d/Research Experiments/nexus
configfile: pytest.ini
plugins: cov-7.0.0, anyio-4.12.1
collecting ... collected 15 items

tests/unit/test_ring_attention.py::TestRingAttentionConfig::test_default_config PASSED [  6%]
tests/unit/test_ring_attention.py::TestRingAttentionConfig::test_custom_config PASSED [ 13%]
tests/unit/test_ring_attention.py::TestRingCommunicator::test_initialization PASSED [ 20%]
tests/unit/test_ring_attention.py::TestRingCommunicator::test_single_gpu_ring_send_recv PASSED [ 26%]
tests/unit/test_ring_attention.py::TestRingAttention::test_initialization PASSED [ 33%]
tests/unit/test_ring_attention.py::TestRingAttention::test_forward_single_gpu PASSED [ 40%]
tests/unit/test_ring_attention.py::TestRingAttention::test_forward_non_causal PASSED [ 46%]
tests/unit/test_ring_attention.py::TestRingAttention::test_blockwise_attention PASSED [ 53%]
tests/unit/test_ring_attention.py::TestRingAttention::test_online_softmax_update PASSED [ 60%]
tests/unit/test_ring_attention.py::TestRingAttentionWrapper::test_wrapper_initialization PASSED [ 66%]
tests/unit/test_ring_attention.py::TestRingAttentionWrapper::test_wrapper_with_custom_config PASSED [ 73%]
tests/unit/test_ring_attention.py::TestRingAttentionWrapper::test_get_model_kwargs PASSED [ 80%]
tests/unit/test_ring_attention.py::TestCreateRingAttention::test_create_default PASSED [ 86%]
tests/unit/test_ring_attention.py::TestCreateRingAttention::test_create_custom PASSED [ 93%]
tests/unit/test_ring_attention.py::TestRingAttentionMemory::test_memory_efficiency PASSED [100%]
======================================================================
TEST METRICS SUMMARY
======================================================================
Total: 15 | Passed: 15 | Failed: 0
Pass Rate: 100.0%
Duration: 0.50s
GPU: NVIDIA GeForce RTX 5080 Laptop GPU

Detailed Results: results/test_details.csv
======================================================================


============================== 15 passed in 2.08s ==============================

============================= test session starts ==============================
platform linux -- Python 3.10.19, pytest-9.0.2, pluggy-1.6.0 -- /home/rhushabh/miniconda3/envs/nexus/bin/python3.10
cachedir: .pytest_cache
rootdir: /mnt/d/Research Experiments/nexus
configfile: pytest.ini
plugins: cov-7.0.0, anyio-4.12.1
collecting ... collected 3 items

tests/unit/test_remaining_benchmarks.py::test_benchmark_omni_inference_main PASSED [ 33%]
tests/unit/test_remaining_benchmarks.py::test_benchmark_data_processing_main PASSED [ 66%]
tests/unit/test_remaining_benchmarks.py::test_benchmark_repetition_main SKIPPED [100%]
======================================================================
TEST METRICS SUMMARY
======================================================================
Total: 3 | Passed: 2 | Failed: 0
Pass Rate: 66.7%
Duration: 6.32s
GPU: NVIDIA GeForce RTX 5080 Laptop GPU

Detailed Results: results/test_details.csv
======================================================================


========================= 2 passed, 1 skipped in 7.72s =========================

ERROR conda.cli.main_run:execute(127): `conda run pytest tests/unit/test_orchestration_scripts_2.py tests/unit/test_orchestration_scripts_3.py tests/unit/test_podcast_generator.py tests/unit/test_podcast_synthesizer.py tests/unit/test_prefetch_assets.py tests/unit/test_recursion.py tests/unit/test_remaining_benchmarks.py tests/unit/test_remotion_capability.py tests/unit/test_remotion_dataset_gen.py tests/unit/test_remotion_engine.py -v --color=no --maxfail=5` failed. (See above for error)
============================= test session starts ==============================
platform linux -- Python 3.10.19, pytest-9.0.2, pluggy-1.6.0 -- /home/rhushabh/miniconda3/envs/nexus/bin/python3.10
cachedir: .pytest_cache
rootdir: /mnt/d/Research Experiments/nexus
configfile: pytest.ini
plugins: cov-7.0.0, anyio-4.12.1
collecting ... collected 54 items

tests/unit/test_orchestration_scripts_2.py::test_script_11_main FAILED   [  1%]
tests/unit/test_orchestration_scripts_2.py::test_script_12_main FAILED   [  3%]
tests/unit/test_orchestration_scripts_2.py::test_script_13_main FAILED   [  5%]
tests/unit/test_orchestration_scripts_2.py::test_script_14_main FAILED   [  7%]
tests/unit/test_orchestration_scripts_2.py::test_script_15_main FAILED   [  9%]
======================================================================
TEST METRICS SUMMARY
======================================================================
Total: 5 | Passed: 0 | Failed: 5
Pass Rate: 0.0%
Duration: 0.13s
GPU: NVIDIA GeForce RTX 5080 Laptop GPU

Detailed Results: results/test_details.csv
======================================================================


=================================== FAILURES ===================================
_____________________________ test_script_11_main ______________________________
tests/unit/test_orchestration_scripts_2.py:18: in test_script_11_main
    s11.main()
src/11_continued_pretraining.py:261: in main
    response = input("Continue with CPT? (y/N): ").strip().lower()
/home/rhushabh/miniconda3/envs/nexus/lib/python3.10/site-packages/_pytest/capture.py:229: in read
    raise OSError(
E   OSError: pytest: reading from stdin while output is captured!  Consider using `-s`.
----------------------------- Captured stdout call -----------------------------
Continue with CPT? (y/N): 
_____________________________ test_script_12_main ______________________________
src/12_grpo_training.py:31: in <module>
    from unsloth import FastLanguageModel, is_bfloat16_supported
E   ModuleNotFoundError: No module named 'unsloth'

During handling of the above exception, another exception occurred:
tests/unit/test_orchestration_scripts_2.py:21: in test_script_12_main
    s12 = importlib.import_module("src.12_grpo_training")
/home/rhushabh/miniconda3/envs/nexus/lib/python3.10/importlib/__init__.py:126: in import_module
    return _bootstrap._gcd_import(name[level:], package, level)
<frozen importlib._bootstrap>:1050: in _gcd_import
    ???
<frozen importlib._bootstrap>:1027: in _find_and_load
    ???
<frozen importlib._bootstrap>:1006: in _find_and_load_unlocked
    ???
<frozen importlib._bootstrap>:688: in _load_unlocked
    ???
<frozen importlib._bootstrap_external>:883: in exec_module
    ???
<frozen importlib._bootstrap>:241: in _call_with_frames_removed
    ???
src/12_grpo_training.py:37: in <module>
    exit(1)
/home/rhushabh/miniconda3/envs/nexus/lib/python3.10/_sitebuiltins.py:26: in __call__
    raise SystemExit(code)
E   SystemExit: 1
------------------------------ Captured log call -------------------------------
ERROR    src.12_grpo_training:12_grpo_training.py:36 Missing dependency: No module named 'unsloth'
_____________________________ test_script_13_main ______________________________
tests/unit/test_orchestration_scripts_2.py:28: in test_script_13_main
    with patch("sys.argv", ["13.py", "--epochs", "1"]), \
/home/rhushabh/miniconda3/envs/nexus/lib/python3.10/unittest/mock.py:1447: in __enter__
    original, local = self.get_original()
/home/rhushabh/miniconda3/envs/nexus/lib/python3.10/unittest/mock.py:1420: in get_original
    raise AttributeError(
E   AttributeError: <module 'src.13_safety_finetuning' from '/mnt/d/Research Experiments/nexus/src/13_safety_finetuning.py'> does not have the attribute 'SFTTrainer'
_____________________________ test_script_14_main ______________________________
tests/unit/test_orchestration_scripts_2.py:34: in test_script_14_main
    with patch("sys.argv", ["14.py", "--epochs", "1"]), \
/home/rhushabh/miniconda3/envs/nexus/lib/python3.10/unittest/mock.py:1447: in __enter__
    original, local = self.get_original()
/home/rhushabh/miniconda3/envs/nexus/lib/python3.10/unittest/mock.py:1420: in get_original
    raise AttributeError(
E   AttributeError: <module 'src.14_anti_refusal_training' from '/mnt/d/Research Experiments/nexus/src/14_anti_refusal_training.py'> does not have the attribute 'SFTTrainer'
_____________________________ test_script_15_main ______________________________
tests/unit/test_orchestration_scripts_2.py:39: in test_script_15_main
    s15 = importlib.import_module("src.15_rejection_sampling")
/home/rhushabh/miniconda3/envs/nexus/lib/python3.10/importlib/__init__.py:126: in import_module
    return _bootstrap._gcd_import(name[level:], package, level)
<frozen importlib._bootstrap>:1050: in _gcd_import
    ???
<frozen importlib._bootstrap>:1027: in _find_and_load
    ???
<frozen importlib._bootstrap>:1006: in _find_and_load_unlocked
    ???
<frozen importlib._bootstrap>:688: in _load_unlocked
    ???
<frozen importlib._bootstrap_external>:883: in exec_module
    ???
<frozen importlib._bootstrap>:241: in _call_with_frames_removed
    ???
src/15_rejection_sampling.py:17: in <module>
    from unsloth import FastLanguageModel
E   ModuleNotFoundError: No module named 'unsloth'
=========================== short test summary info ============================
FAILED tests/unit/test_orchestration_scripts_2.py::test_script_11_main - OSError: pytest: reading from stdin while output is captured!  Consider using `-s`.
FAILED tests/unit/test_orchestration_scripts_2.py::test_script_12_main - SystemExit: 1
FAILED tests/unit/test_orchestration_scripts_2.py::test_script_13_main - AttributeError: <module 'src.13_safety_finetuning' from '/mnt/d/Research Experiments/nexus/src/13_safety_finetuning.py'> does not have the attribute 'SFTTrainer'
FAILED tests/unit/test_orchestration_scripts_2.py::test_script_14_main - AttributeError: <module 'src.14_anti_refusal_training' from '/mnt/d/Research Experiments/nexus/src/14_anti_refusal_training.py'> does not have the attribute 'SFTTrainer'
FAILED tests/unit/test_orchestration_scripts_2.py::test_script_15_main - ModuleNotFoundError: No module named 'unsloth'
!!!!!!!!!!!!!!!!!!!!!!!!!! stopping after 5 failures !!!!!!!!!!!!!!!!!!!!!!!!!!!
============================== 5 failed in 13.81s ==============================

============================= test session starts ==============================
platform linux -- Python 3.10.19, pytest-9.0.2, pluggy-1.6.0 -- /home/rhushabh/miniconda3/envs/nexus/bin/python3.10
cachedir: .pytest_cache
rootdir: /mnt/d/Research Experiments/nexus
configfile: pytest.ini
plugins: cov-7.0.0, anyio-4.12.1
collecting ... collected 9 items

tests/unit/test_ruler_benchmark.py::TestRULERConfig::test_config_defaults PASSED [ 11%]
tests/unit/test_ruler_benchmark.py::TestRULERBenchmark::test_generate_response PASSED [ 22%]
tests/unit/test_ruler_benchmark.py::TestRULERBenchmark::test_format_prompt PASSED [ 33%]
tests/unit/test_ruler_benchmark.py::TestRULERBenchmark::test_evaluate_task PASSED [ 44%]
tests/unit/test_ruler_benchmark.py::TestRULERBenchmark::test_run PASSED  [ 55%]
tests/unit/test_ruler_benchmark.py::TestRULERBenchmark::test_print_results PASSED [ 66%]
tests/unit/test_ruler_benchmark.py::TestRULERBenchmark::test_setup PASSED [ 77%]
tests/unit/test_ruler_benchmark.py::TestRULERBenchmark::test_main_execution PASSED [ 88%]
tests/unit/test_ruler_benchmark.py::TestRULERBenchmark::test_main_fail PASSED [100%]
======================================================================
TEST METRICS SUMMARY
======================================================================
Total: 9 | Passed: 9 | Failed: 0
Pass Rate: 100.0%
Duration: 3.61s
GPU: NVIDIA GeForce RTX 5080 Laptop GPU

Detailed Results: results/test_details.csv
======================================================================


============================== 9 passed in 6.75s ===============================

============================= test session starts ==============================
platform linux -- Python 3.10.19, pytest-9.0.2, pluggy-1.6.0 -- /home/rhushabh/miniconda3/envs/nexus/bin/python3.10
cachedir: .pytest_cache
rootdir: /mnt/d/Research Experiments/nexus
configfile: pytest.ini
plugins: cov-7.0.0, anyio-4.12.1
collecting ... collected 9 items

tests/unit/test_remotion_capability.py::TestRemotionCapability::test_capability_registration PASSED [ 11%]
tests/unit/test_remotion_capability.py::TestRemotionCapability::test_remotion_stage_initialization PASSED [ 22%]
tests/unit/test_remotion_capability.py::TestRemotionCapability::test_remotion_stage_prepare_dry_run PASSED [ 33%]
tests/unit/test_remotion_capability.py::TestRemotionCapability::test_remotion_lib_files_exist PASSED [ 44%]
tests/unit/test_remotion_capability.py::TestRemotionCapability::test_generator_outputs_new_components PASSED [ 55%]
tests/unit/test_remotion_capability.py::TestRemotionCapability::test_generator_custom_weights PASSED [ 66%]
tests/unit/test_remotion_capability.py::TestDatasetGenerator::test_dataset_script_exists PASSED [ 77%]
tests/unit/test_remotion_capability.py::TestDatasetGenerator::test_dataset_output_exists PASSED [ 88%]
tests/unit/test_remotion_capability.py::TestDatasetGenerator::test_system_prompt_exists PASSED [100%]
======================================================================
TEST METRICS SUMMARY
======================================================================
Total: 9 | Passed: 9 | Failed: 0
Pass Rate: 100.0%
Duration: 0.21s
GPU: NVIDIA GeForce RTX 5080 Laptop GPU

Detailed Results: results/test_details.csv
======================================================================


============================== 9 passed in 6.64s ===============================

============================= test session starts ==============================
platform linux -- Python 3.10.19, pytest-9.0.2, pluggy-1.6.0 -- /home/rhushabh/miniconda3/envs/nexus/bin/python3.10
cachedir: .pytest_cache
rootdir: /mnt/d/Research Experiments/nexus
configfile: pytest.ini
plugins: cov-7.0.0, anyio-4.12.1
collecting ... collected 4 items

tests/unit/test_remotion_dataset_gen.py::test_generate_sample_basic PASSED [ 25%]
tests/unit/test_remotion_dataset_gen.py::test_generate_sample_with_weights PASSED [ 50%]
tests/unit/test_remotion_dataset_gen.py::test_generate_sample_kb_content PASSED [ 75%]
tests/unit/test_remotion_dataset_gen.py::test_generate_sample_map PASSED [100%]
======================================================================
TEST METRICS SUMMARY
======================================================================
Total: 4 | Passed: 4 | Failed: 0
Pass Rate: 100.0%
Duration: 0.00s
GPU: NVIDIA GeForce RTX 5080 Laptop GPU

Detailed Results: results/test_details.csv
======================================================================


============================== 4 passed in 2.15s ===============================

============================= test session starts ==============================
platform linux -- Python 3.10.19, pytest-9.0.2, pluggy-1.6.0 -- /home/rhushabh/miniconda3/envs/nexus/bin/python3.10
cachedir: .pytest_cache
rootdir: /mnt/d/Research Experiments/nexus
configfile: pytest.ini
plugins: cov-7.0.0, anyio-4.12.1
collecting ... collected 14 items

tests/unit/test_ruler_tasks.py::TestTaskConfig::test_default_config PASSED [  7%]
tests/unit/test_ruler_tasks.py::TestTaskConfig::test_custom_config PASSED [ 14%]
tests/unit/test_ruler_tasks.py::TestRulerTasksAll::test_task_lifecycle[SingleNIAH] PASSED [ 21%]
tests/unit/test_ruler_tasks.py::TestRulerTasksAll::test_task_lifecycle[MultiKeyNIAH] PASSED [ 28%]
tests/unit/test_ruler_tasks.py::TestRulerTasksAll::test_task_lifecycle[MultiValueNIAH] PASSED [ 35%]
tests/unit/test_ruler_tasks.py::TestRulerTasksAll::test_task_lifecycle[MultiQueryNIAH] PASSED [ 42%]
tests/unit/test_ruler_tasks.py::TestRulerTasksAll::test_task_lifecycle[VariableTracing] PASSED [ 50%]
tests/unit/test_ruler_tasks.py::TestRulerTasksAll::test_task_lifecycle[ChainFollowing] PASSED [ 57%]
tests/unit/test_ruler_tasks.py::TestRulerTasksAll::test_task_lifecycle[CommonWordCount] PASSED [ 64%]
tests/unit/test_ruler_tasks.py::TestRulerTasksAll::test_task_lifecycle[FrequentWord] PASSED [ 71%]
tests/unit/test_ruler_tasks.py::TestRulerTasksAll::test_get_task PASSED  [ 78%]
tests/unit/test_ruler_tasks.py::TestRulerTasksAll::test_get_all_tasks PASSED [ 85%]
tests/unit/test_ruler_tasks.py::TestTaskCategories::test_categories PASSED [ 92%]
tests/unit/test_ruler_tasks.py::TestContextLengthScaling::test_noise PASSED [100%]
======================================================================
TEST METRICS SUMMARY
======================================================================
Total: 14 | Passed: 14 | Failed: 0
Pass Rate: 100.0%
Duration: 0.00s
GPU: NVIDIA GeForce RTX 5080 Laptop GPU

Detailed Results: results/test_details.csv
======================================================================


============================== 14 passed in 3.71s ==============================

============================= test session starts ==============================
platform linux -- Python 3.10.19, pytest-9.0.2, pluggy-1.6.0 -- /home/rhushabh/miniconda3/envs/nexus/bin/python3.10
cachedir: .pytest_cache
rootdir: /mnt/d/Research Experiments/nexus
configfile: pytest.ini
plugins: cov-7.0.0, anyio-4.12.1
collecting ... collected 7 items

tests/unit/test_schema_normalizer.py::test_normalize_musiccaps PASSED    [ 14%]
tests/unit/test_schema_normalizer.py::test_normalize_pure_dove PASSED    [ 28%]
tests/unit/test_schema_normalizer.py::test_normalize_journeydb PASSED    [ 42%]
tests/unit/test_schema_normalizer.py::test_normalize_emm1 PASSED         [ 57%]
tests/unit/test_schema_normalizer.py::test_normalize_unknown_dataset_with_image PASSED [ 71%]
tests/unit/test_schema_normalizer.py::test_normalize_fallback_defaults PASSED [ 85%]
tests/unit/test_schema_normalizer.py::test_all_modalities PASSED         [100%]
======================================================================
TEST METRICS SUMMARY
======================================================================
Total: 7 | Passed: 7 | Failed: 0
Pass Rate: 100.0%
Duration: 0.00s
GPU: NVIDIA GeForce RTX 5080 Laptop GPU

Detailed Results: results/test_details.csv
======================================================================


============================== 7 passed in 1.51s ===============================

============================= test session starts ==============================
platform linux -- Python 3.10.19, pytest-9.0.2, pluggy-1.6.0 -- /home/rhushabh/miniconda3/envs/nexus/bin/python3.10
cachedir: .pytest_cache
rootdir: /mnt/d/Research Experiments/nexus
configfile: pytest.ini
plugins: cov-7.0.0, anyio-4.12.1
collecting ... collected 4 items

tests/unit/test_remotion_engine.py::TestRemotionEngine::test_extract_tsx PASSED [ 25%]
tests/unit/test_remotion_engine.py::TestRemotionEngine::test_extract_tsx_no_blocks PASSED [ 50%]
tests/unit/test_remotion_engine.py::TestRemotionEngine::test_generate_video_flow PASSED [ 75%]
tests/unit/test_remotion_engine.py::TestRemotionEngine::test_generate_video_with_narration PASSED [100%]
======================================================================
TEST METRICS SUMMARY
======================================================================
Total: 4 | Passed: 4 | Failed: 0
Pass Rate: 100.0%
Duration: 0.00s
GPU: NVIDIA GeForce RTX 5080 Laptop GPU

Detailed Results: results/test_details.csv
======================================================================


============================== 4 passed in 1.92s ===============================

============================= test session starts ==============================
platform linux -- Python 3.10.19, pytest-9.0.2, pluggy-1.6.0 -- /home/rhushabh/miniconda3/envs/nexus/bin/python3.10
cachedir: .pytest_cache
rootdir: /mnt/d/Research Experiments/nexus
configfile: pytest.ini
plugins: cov-7.0.0, anyio-4.12.1
collecting ... collected 1 item

tests/unit/test_sequential_pipeline.py::TestSequentialPipeline::test_pipeline_flow PASSED [100%]
======================================================================
TEST METRICS SUMMARY
======================================================================
Total: 1 | Passed: 1 | Failed: 0
Pass Rate: 100.0%
Duration: 0.02s
GPU: NVIDIA GeForce RTX 5080 Laptop GPU

Detailed Results: results/test_details.csv
======================================================================


============================== 1 passed in 1.48s ===============================

============================= test session starts ==============================
platform linux -- Python 3.10.19, pytest-9.0.2, pluggy-1.6.0 -- /home/rhushabh/miniconda3/envs/nexus/bin/python3.10
cachedir: .pytest_cache
rootdir: /mnt/d/Research Experiments/nexus
configfile: pytest.ini
plugins: cov-7.0.0, anyio-4.12.1
collecting ... collected 6 items

tests/unit/test_repetition.py::test_repetition_baseline PASSED           [ 16%]
tests/unit/test_repetition.py::test_repetition_2x PASSED                 [ 33%]
tests/unit/test_repetition.py::test_repetition_3x PASSED                 [ 50%]
tests/unit/test_repetition.py::test_repetition_verbose PASSED            [ 66%]
tests/unit/test_repetition.py::test_repetition_with_context PASSED       [ 83%]
tests/unit/test_repetition.py::test_repetition_default_fallback PASSED   [100%]
======================================================================
TEST METRICS SUMMARY
======================================================================
Total: 6 | Passed: 6 | Failed: 0
Pass Rate: 100.0%
Duration: 0.00s
GPU: NVIDIA GeForce RTX 5080 Laptop GPU

Detailed Results: results/test_details.csv
======================================================================


============================== 6 passed in 1.46s ===============================

============================= test session starts ==============================
platform linux -- Python 3.10.19, pytest-9.0.2, pluggy-1.6.0 -- /home/rhushabh/miniconda3/envs/nexus/bin/python3.10
cachedir: .pytest_cache
rootdir: /mnt/d/Research Experiments/nexus
configfile: pytest.ini
plugins: cov-7.0.0, anyio-4.12.1
collecting ... collected 1 item

tests/unit/test_results_logger.py::test_results_logger PASSED            [100%]
======================================================================
TEST METRICS SUMMARY
======================================================================
Total: 1 | Passed: 1 | Failed: 0
Pass Rate: 100.0%
Duration: 0.00s
GPU: NVIDIA GeForce RTX 5080 Laptop GPU

Detailed Results: results/test_details.csv
======================================================================


============================== 1 passed in 1.38s ===============================

============================= test session starts ==============================
platform linux -- Python 3.10.19, pytest-9.0.2, pluggy-1.6.0 -- /home/rhushabh/miniconda3/envs/nexus/bin/python3.10
cachedir: .pytest_cache
rootdir: /mnt/d/Research Experiments/nexus
configfile: pytest.ini
plugins: cov-7.0.0, anyio-4.12.1
collecting ... collected 45 items

tests/unit/test_stages.py::TestStageConfig::test_stage_config_import PASSED [  2%]
tests/unit/test_stages.py::TestStageConfig::test_stage_config_creation PASSED [  4%]
tests/unit/test_stages.py::TestStageConfig::test_stage_config_to_dict PASSED [  6%]
tests/unit/test_stages.py::TestBaseStage::test_base_stage_import PASSED  [  8%]
tests/unit/test_stages.py::TestBaseStage::test_base_stage_is_abstract PASSED [ 11%]
tests/unit/test_stages.py::TestBaseStage::test_text_capability_stage_import PASSED [ 13%]
tests/unit/test_stages.py::TestCoTStage::test_cot_stage_import PASSED    [ 15%]
tests/unit/test_stages.py::TestCoTStage::test_cot_stage_capability_name PASSED [ 17%]
tests/unit/test_stages.py::TestCoTStage::test_cot_stage_has_dataset_patterns PASSED [ 20%]
tests/unit/test_stages.py::TestReasoningStage::test_reasoning_stage_import PASSED [ 22%]
tests/unit/test_stages.py::TestReasoningStage::test_reasoning_stage_capability_name PASSED [ 24%]
tests/unit/test_stages.py::TestThinkingStage::test_thinking_stage_import PASSED [ 26%]
tests/unit/test_stages.py::TestThinkingStage::test_thinking_stage_capability_name PASSED [ 28%]
tests/unit/test_stages.py::TestToolsStage::test_tools_stage_import PASSED [ 31%]
tests/unit/test_stages.py::TestToolsStage::test_tools_stage_capability_name PASSED [ 33%]
tests/unit/test_stages.py::TestStreamingStage::test_streaming_stage_import PASSED [ 35%]
tests/unit/test_stages.py::TestStreamingStage::test_streaming_stage_capability_name PASSED [ 37%]
tests/unit/test_stages.py::TestPodcastStage::test_podcast_stage_import PASSED [ 40%]
tests/unit/test_stages.py::TestPodcastStage::test_podcast_stage_capability_name PASSED [ 42%]
tests/unit/test_stages.py::TestPodcastStage::test_podcast_stage_has_dataset_patterns PASSED [ 44%]
tests/unit/test_stages.py::TestVisionQAStage::test_vision_qa_stage_import PASSED [ 46%]
tests/unit/test_stages.py::TestVisionQAStage::test_vision_qa_stage_capability_name PASSED [ 48%]
tests/unit/test_stages.py::TestVisionQAStage::test_vision_qa_stage_has_dataset_patterns PASSED [ 51%]
tests/unit/test_stages.py::TestVideoUnderstandingStage::test_video_stage_import PASSED [ 53%]
tests/unit/test_stages.py::TestVideoUnderstandingStage::test_video_stage_capability_name PASSED [ 55%]
tests/unit/test_stages.py::TestTriStreamingStage::test_tri_streaming_stage_import PASSED [ 57%]
tests/unit/test_stages.py::TestTriStreamingStage::test_tri_streaming_stage_capability_name PASSED [ 60%]
tests/unit/test_stages.py::TestImageGenStage::test_image_gen_stage_import PASSED [ 62%]
tests/unit/test_stages.py::TestImageGenStage::test_image_gen_stage_capability_name PASSED [ 64%]
tests/unit/test_stages.py::TestImageGenStage::test_image_projector_forward PASSED [ 66%]
tests/unit/test_stages.py::TestVideoGenStage::test_video_gen_stage_import PASSED [ 68%]
tests/unit/test_stages.py::TestVideoGenStage::test_video_gen_stage_capability_name PASSED [ 71%]
tests/unit/test_stages.py::TestVideoGenStage::test_video_projector_forward PASSED [ 73%]
tests/unit/test_stages.py::TestStageLogicMocked::test_cot_main_logic PASSED [ 75%]
tests/unit/test_stages.py::TestStageLogicMocked::test_thinking_main_logic PASSED [ 77%]
tests/unit/test_stages.py::TestStageLogicMocked::test_cot_has_main PASSED [ 80%]
tests/unit/test_stages.py::TestStageLogicMocked::test_reasoning_has_main PASSED [ 82%]
tests/unit/test_stages.py::TestStageLogicMocked::test_thinking_has_main PASSED [ 84%]
tests/unit/test_stages.py::TestStageLogicMocked::test_tools_has_main PASSED [ 86%]
tests/unit/test_stages.py::TestStageLogicMocked::test_streaming_has_main PASSED [ 88%]
tests/unit/test_stages.py::TestStageLogicMocked::test_podcast_has_main PASSED [ 91%]
tests/unit/test_stages.py::TestStageLogicMocked::test_vision_qa_has_main PASSED [ 93%]
tests/unit/test_stages.py::TestStageLogicMocked::test_tri_streaming_has_main PASSED [ 95%]
tests/unit/test_stages.py::TestStageLogicMocked::test_image_gen_has_main PASSED [ 97%]
tests/unit/test_stages.py::TestStageLogicMocked::test_video_gen_has_main PASSED [100%]
======================================================================
TEST METRICS SUMMARY
======================================================================
Total: 45 | Passed: 45 | Failed: 0
Pass Rate: 100.0%
Duration: 4.33s
GPU: NVIDIA GeForce RTX 5080 Laptop GPU

Detailed Results: results/test_details.csv
======================================================================


============================== 45 passed in 6.21s ==============================

============================= test session starts ==============================
platform linux -- Python 3.10.19, pytest-9.0.2, pluggy-1.6.0 -- /home/rhushabh/miniconda3/envs/nexus/bin/python3.10
cachedir: .pytest_cache
rootdir: /mnt/d/Research Experiments/nexus
configfile: pytest.ini
plugins: cov-7.0.0, anyio-4.12.1
collecting ... collected 4 items

tests/unit/test_resume_gen.py::test_gen_log_extraction PASSED            [ 25%]
tests/unit/test_resume_gen.py::test_gen_json_lookup PASSED               [ 50%]
tests/unit/test_resume_gen.py::test_gen_directory_lookup PASSED          [ 75%]
tests/unit/test_resume_gen.py::test_gen_table_lookup PASSED              [100%]
======================================================================
TEST METRICS SUMMARY
======================================================================
Total: 4 | Passed: 4 | Failed: 0
Pass Rate: 100.0%
Duration: 0.00s
GPU: NVIDIA GeForce RTX 5080 Laptop GPU

Detailed Results: results/test_details.csv
======================================================================


============================== 4 passed in 2.08s ===============================

============================= test session starts ==============================
platform linux -- Python 3.10.19, pytest-9.0.2, pluggy-1.6.0 -- /home/rhushabh/miniconda3/envs/nexus/bin/python3.10
cachedir: .pytest_cache
rootdir: /mnt/d/Research Experiments/nexus
configfile: pytest.ini
plugins: cov-7.0.0, anyio-4.12.1
collecting ... collected 21 items

tests/unit/test_reward_functions.py::TestRewardConfig::test_default_config PASSED [  4%]
tests/unit/test_reward_functions.py::TestRewardConfig::test_custom_config PASSED [  9%]
tests/unit/test_reward_functions.py::TestCorrectnessReward::test_exact_numeric_match PASSED [ 14%]
tests/unit/test_reward_functions.py::TestCorrectnessReward::test_approximate_numeric_match PASSED [ 19%]
tests/unit/test_reward_functions.py::TestCorrectnessReward::test_incorrect_answer PASSED [ 23%]
tests/unit/test_reward_functions.py::TestCorrectnessReward::test_string_exact_match PASSED [ 28%]
tests/unit/test_reward_functions.py::TestCorrectnessReward::test_string_contains_match PASSED [ 33%]
tests/unit/test_reward_functions.py::TestFormatReward::test_proper_thinking_format PASSED [ 38%]
tests/unit/test_reward_functions.py::TestFormatReward::test_missing_thinking_tags PASSED [ 42%]
tests/unit/test_reward_functions.py::TestFormatReward::test_wrong_tag_order PASSED [ 47%]
tests/unit/test_reward_functions.py::TestLengthReward::test_optimal_length PASSED [ 52%]
tests/unit/test_reward_functions.py::TestLengthReward::test_too_short PASSED [ 57%]
tests/unit/test_reward_functions.py::TestLengthReward::test_too_long PASSED [ 61%]
tests/unit/test_reward_functions.py::TestConsistencyReward::test_self_verification PASSED [ 66%]
tests/unit/test_reward_functions.py::TestConsistencyReward::test_logical_connectors PASSED [ 71%]
tests/unit/test_reward_functions.py::TestProcessReward::test_multiple_steps PASSED [ 76%]
tests/unit/test_reward_functions.py::TestCombinedReward::test_combined_reward PASSED [ 80%]
tests/unit/test_reward_functions.py::TestCreateRewardFunction::test_create_combined PASSED [ 85%]
tests/unit/test_reward_functions.py::TestCreateRewardFunction::test_create_correctness PASSED [ 90%]
tests/unit/test_reward_functions.py::TestCreateRewardFunction::test_create_with_config PASSED [ 95%]
tests/unit/test_reward_functions.py::TestCreateRewardFunction::test_invalid_type PASSED [100%]
======================================================================
TEST METRICS SUMMARY
======================================================================
Total: 21 | Passed: 21 | Failed: 0
Pass Rate: 100.0%
Duration: 0.00s
GPU: NVIDIA GeForce RTX 5080 Laptop GPU

Detailed Results: results/test_details.csv
======================================================================


============================== 21 passed in 1.95s ==============================

ERROR conda.cli.main_run:execute(127): `conda run pytest tests/unit/test_stages_functional.py -v --color=no` failed. (See above for error)
============================= test session starts ==============================
platform linux -- Python 3.10.19, pytest-9.0.2, pluggy-1.6.0 -- /home/rhushabh/miniconda3/envs/nexus/bin/python3.10
cachedir: .pytest_cache
rootdir: /mnt/d/Research Experiments/nexus
configfile: pytest.ini
plugins: cov-7.0.0, anyio-4.12.1
collecting ... collected 7 items

tests/unit/test_stages_functional.py::test_base_stage_initialization FAILED [ 14%]
tests/unit/test_stages_functional.py::test_reasoning_stage_setup FAILED  [ 28%]
tests/unit/test_stages_functional.py::test_podcast_stage_logic FAILED    [ 42%]
tests/unit/test_stages_functional.py::test_omni_stage_initialization FAILED [ 57%]
tests/unit/test_stages_functional.py::test_stage_name_consistency[ReasoningStage] FAILED [ 71%]
tests/unit/test_stages_functional.py::test_stage_name_consistency[PodcastStage] FAILED [ 85%]
tests/unit/test_stages_functional.py::test_stage_name_consistency[OmniTrainingStage] FAILED [100%]
======================================================================
TEST METRICS SUMMARY
======================================================================
Total: 7 | Passed: 0 | Failed: 7
Pass Rate: 0.0%
Duration: 0.00s
GPU: NVIDIA GeForce RTX 5080 Laptop GPU

Detailed Results: results/test_details.csv
======================================================================


=================================== FAILURES ===================================
________________________ test_base_stage_initialization ________________________
tests/unit/test_stages_functional.py:23: in test_base_stage_initialization
    stage = BaseStage(config)
E   TypeError: Can't instantiate abstract class BaseStage with abstract methods prepare, train
__________________________ test_reasoning_stage_setup __________________________
tests/unit/test_stages_functional.py:30: in test_reasoning_stage_setup
    stage = ReasoningStage(config)
src/stages/base.py:79: in __init__
    self.logger = self._setup_logger()
src/stages/base.py:94: in _setup_logger
    logger = logging.getLogger(f"stage_{self.config.capability_name}")
E   AttributeError: 'MockConfig' object has no attribute 'capability_name'
___________________________ test_podcast_stage_logic ___________________________
tests/unit/test_stages_functional.py:38: in test_podcast_stage_logic
    stage = PodcastStage(config)
src/stages/stage_podcast.py:116: in __init__
    super().__init__(config)
src/stages/base.py:79: in __init__
    self.logger = self._setup_logger()
src/stages/base.py:94: in _setup_logger
    logger = logging.getLogger(f"stage_{self.config.capability_name}")
E   AttributeError: 'MockConfig' object has no attribute 'capability_name'
________________________ test_omni_stage_initialization ________________________
tests/unit/test_stages_functional.py:43: in test_omni_stage_initialization
    stage = OmniTrainingStage(config)
src/stages/stage_omni.py:72: in __init__
    super().__init__(config)
src/stages/base.py:79: in __init__
    self.logger = self._setup_logger()
src/stages/base.py:94: in _setup_logger
    logger = logging.getLogger(f"stage_{self.config.capability_name}")
E   AttributeError: 'MockConfig' object has no attribute 'capability_name'
_________________ test_stage_name_consistency[ReasoningStage] __________________
tests/unit/test_stages_functional.py:53: in test_stage_name_consistency
    stage = stage_class(config)
src/stages/base.py:79: in __init__
    self.logger = self._setup_logger()
src/stages/base.py:94: in _setup_logger
    logger = logging.getLogger(f"stage_{self.config.capability_name}")
E   AttributeError: 'MockConfig' object has no attribute 'capability_name'
__________________ test_stage_name_consistency[PodcastStage] ___________________
tests/unit/test_stages_functional.py:53: in test_stage_name_consistency
    stage = stage_class(config)
src/stages/stage_podcast.py:116: in __init__
    super().__init__(config)
src/stages/base.py:79: in __init__
    self.logger = self._setup_logger()
src/stages/base.py:94: in _setup_logger
    logger = logging.getLogger(f"stage_{self.config.capability_name}")
E   AttributeError: 'MockConfig' object has no attribute 'capability_name'
________________ test_stage_name_consistency[OmniTrainingStage] ________________
tests/unit/test_stages_functional.py:53: in test_stage_name_consistency
    stage = stage_class(config)
src/stages/stage_omni.py:72: in __init__
    super().__init__(config)
src/stages/base.py:79: in __init__
    self.logger = self._setup_logger()
src/stages/base.py:94: in _setup_logger
    logger = logging.getLogger(f"stage_{self.config.capability_name}")
E   AttributeError: 'MockConfig' object has no attribute 'capability_name'
=========================== short test summary info ============================
FAILED tests/unit/test_stages_functional.py::test_base_stage_initialization - TypeError: Can't instantiate abstract class BaseStage with abstract methods prepare, train
FAILED tests/unit/test_stages_functional.py::test_reasoning_stage_setup - AttributeError: 'MockConfig' object has no attribute 'capability_name'
FAILED tests/unit/test_stages_functional.py::test_podcast_stage_logic - AttributeError: 'MockConfig' object has no attribute 'capability_name'
FAILED tests/unit/test_stages_functional.py::test_omni_stage_initialization - AttributeError: 'MockConfig' object has no attribute 'capability_name'
FAILED tests/unit/test_stages_functional.py::test_stage_name_consistency[ReasoningStage] - AttributeError: 'MockConfig' object has no attribute 'capability_name'
FAILED tests/unit/test_stages_functional.py::test_stage_name_consistency[PodcastStage] - AttributeError: 'MockConfig' object has no attribute 'capability_name'
FAILED tests/unit/test_stages_functional.py::test_stage_name_consistency[OmniTrainingStage] - AttributeError: 'MockConfig' object has no attribute 'capability_name'
============================== 7 failed in 3.82s ===============================

============================= test session starts ==============================
platform linux -- Python 3.10.19, pytest-9.0.2, pluggy-1.6.0 -- /home/rhushabh/miniconda3/envs/nexus/bin/python3.10
cachedir: .pytest_cache
rootdir: /mnt/d/Research Experiments/nexus
configfile: pytest.ini
plugins: cov-7.0.0, anyio-4.12.1
collecting ... collected 15 items

tests/unit/test_ring_attention.py::TestRingAttentionConfig::test_default_config PASSED [  6%]
tests/unit/test_ring_attention.py::TestRingAttentionConfig::test_custom_config PASSED [ 13%]
tests/unit/test_ring_attention.py::TestRingCommunicator::test_initialization PASSED [ 20%]
tests/unit/test_ring_attention.py::TestRingCommunicator::test_single_gpu_ring_send_recv PASSED [ 26%]
tests/unit/test_ring_attention.py::TestRingAttention::test_initialization PASSED [ 33%]
tests/unit/test_ring_attention.py::TestRingAttention::test_forward_single_gpu PASSED [ 40%]
tests/unit/test_ring_attention.py::TestRingAttention::test_forward_non_causal PASSED [ 46%]
tests/unit/test_ring_attention.py::TestRingAttention::test_blockwise_attention PASSED [ 53%]
tests/unit/test_ring_attention.py::TestRingAttention::test_online_softmax_update PASSED [ 60%]
tests/unit/test_ring_attention.py::TestRingAttentionWrapper::test_wrapper_initialization PASSED [ 66%]
tests/unit/test_ring_attention.py::TestRingAttentionWrapper::test_wrapper_with_custom_config PASSED [ 73%]
tests/unit/test_ring_attention.py::TestRingAttentionWrapper::test_get_model_kwargs PASSED [ 80%]
tests/unit/test_ring_attention.py::TestCreateRingAttention::test_create_default PASSED [ 86%]
tests/unit/test_ring_attention.py::TestCreateRingAttention::test_create_custom PASSED [ 93%]
tests/unit/test_ring_attention.py::TestRingAttentionMemory::test_memory_efficiency PASSED [100%]
======================================================================
TEST METRICS SUMMARY
======================================================================
Total: 15 | Passed: 15 | Failed: 0
Pass Rate: 100.0%
Duration: 0.16s
GPU: NVIDIA GeForce RTX 5080 Laptop GPU

Detailed Results: results/test_details.csv
======================================================================


============================== 15 passed in 2.44s ==============================

============================= test session starts ==============================
platform linux -- Python 3.10.19, pytest-9.0.2, pluggy-1.6.0 -- /home/rhushabh/miniconda3/envs/nexus/bin/python3.10
cachedir: .pytest_cache
rootdir: /mnt/d/Research Experiments/nexus
configfile: pytest.ini
plugins: cov-7.0.0, anyio-4.12.1
collecting ... collected 20 items

tests/unit/test_training_controller.py::TestSetupSignalHandlers::test_setup_signal_handlers_runs PASSED [  5%]
tests/unit/test_training_controller.py::TestSetupSignalHandlers::test_signal_handlers_registered PASSED [ 10%]
tests/unit/test_training_controller.py::TestCheckPauseState::test_check_pause_state_not_paused PASSED [ 15%]
tests/unit/test_training_controller.py::TestCheckPauseState::test_check_pause_state_paused_then_resumed PASSED [ 20%]
tests/unit/test_training_controller.py::TestCooldownLogic::test_cooldown_interval_constant_defined PASSED [ 25%]
tests/unit/test_training_controller.py::TestCooldownLogic::test_cooldown_duration_defined PASSED [ 30%]
tests/unit/test_training_controller.py::TestCooldownLogic::test_check_and_cooldown_not_at_interval PASSED [ 35%]
tests/unit/test_training_controller.py::TestCooldownLogic::test_check_and_cooldown_at_interval PASSED [ 40%]
tests/unit/test_training_controller.py::TestGPUTemperatureMonitoring::test_temperature_threshold_defined PASSED [ 45%]
tests/unit/test_training_controller.py::TestGPUTemperatureMonitoring::test_get_gpu_temperature_success PASSED [ 50%]
tests/unit/test_training_controller.py::TestGPUTemperatureMonitoring::test_get_gpu_temperature_failure PASSED [ 55%]
tests/unit/test_training_controller.py::TestCompressedFileExtraction::test_extract_gzip PASSED [ 60%]
tests/unit/test_training_controller.py::TestCompressedFileExtraction::test_extract_tar_gz PASSED [ 65%]
tests/unit/test_training_controller.py::TestCompressedFileExtraction::test_extract_zip PASSED [ 70%]
tests/unit/test_training_controller.py::TestCompressedFileExtraction::test_non_compressed_passthrough PASSED [ 75%]
tests/unit/test_training_controller.py::TestTrainingStepHook::test_hook_runs_without_error PASSED [ 80%]
tests/unit/test_training_controller.py::TestTrainingStepHook::test_hook_calls_pause_check PASSED [ 85%]
tests/unit/test_training_controller.py::TestTrainingStepHook::test_hook_calls_cooldown_check PASSED [ 90%]
tests/unit/test_training_controller.py::TestGlobalState::test_paused_state_toggleable PASSED [ 95%]
tests/unit/test_training_controller.py::TestGlobalState::test_checkpoint_requested_state PASSED [100%]
======================================================================
TEST METRICS SUMMARY
======================================================================
Total: 20 | Passed: 20 | Failed: 0
Pass Rate: 100.0%
Duration: 1.49s
GPU: NVIDIA GeForce RTX 5080 Laptop GPU

Detailed Results: results/test_details.csv
======================================================================


============================== 20 passed in 3.70s ==============================

============================= test session starts ==============================
platform linux -- Python 3.10.19, pytest-9.0.2, pluggy-1.6.0 -- /home/rhushabh/miniconda3/envs/nexus/bin/python3.10
cachedir: .pytest_cache
rootdir: /mnt/d/Research Experiments/nexus
configfile: pytest.ini
plugins: cov-7.0.0, anyio-4.12.1
collecting ... collected 9 items

tests/unit/test_ruler_benchmark.py::TestRULERConfig::test_config_defaults PASSED [ 11%]
tests/unit/test_ruler_benchmark.py::TestRULERBenchmark::test_generate_response PASSED [ 22%]
tests/unit/test_ruler_benchmark.py::TestRULERBenchmark::test_format_prompt PASSED [ 33%]
tests/unit/test_ruler_benchmark.py::TestRULERBenchmark::test_evaluate_task PASSED [ 44%]
tests/unit/test_ruler_benchmark.py::TestRULERBenchmark::test_run PASSED  [ 55%]
tests/unit/test_ruler_benchmark.py::TestRULERBenchmark::test_print_results PASSED [ 66%]
tests/unit/test_ruler_benchmark.py::TestRULERBenchmark::test_setup PASSED [ 77%]
tests/unit/test_ruler_benchmark.py::TestRULERBenchmark::test_main_execution PASSED [ 88%]
tests/unit/test_ruler_benchmark.py::TestRULERBenchmark::test_main_fail PASSED [100%]
======================================================================
TEST METRICS SUMMARY
======================================================================
Total: 9 | Passed: 9 | Failed: 0
Pass Rate: 100.0%
Duration: 3.42s
GPU: NVIDIA GeForce RTX 5080 Laptop GPU

Detailed Results: results/test_details.csv
======================================================================


============================== 9 passed in 6.80s ===============================

============================= test session starts ==============================
platform linux -- Python 3.10.19, pytest-9.0.2, pluggy-1.6.0 -- /home/rhushabh/miniconda3/envs/nexus/bin/python3.10
cachedir: .pytest_cache
rootdir: /mnt/d/Research Experiments/nexus
configfile: pytest.ini
plugins: cov-7.0.0, anyio-4.12.1
collecting ... collected 24 items

tests/unit/test_training_methods.py::TestTrainingMethodConfig::test_import_training_methods PASSED [  4%]
tests/unit/test_training_methods.py::TestTrainingMethodConfig::test_all_methods_available PASSED [  8%]
tests/unit/test_training_methods.py::TestTrainingMethodConfig::test_get_training_config_sft PASSED [ 12%]
tests/unit/test_training_methods.py::TestTrainingMethodConfig::test_get_training_config_lora PASSED [ 16%]
tests/unit/test_training_methods.py::TestTrainingMethodConfig::test_get_training_config_qlora PASSED [ 20%]
tests/unit/test_training_methods.py::TestTrainingMethodConfig::test_get_training_config_dpo PASSED [ 25%]
tests/unit/test_training_methods.py::TestTrainingMethodConfig::test_get_training_config_grpo PASSED [ 29%]
tests/unit/test_training_methods.py::TestTrainingMethodConfig::test_get_training_config_distillation PASSED [ 33%]
tests/unit/test_training_methods.py::TestTrainingMethodConfig::test_parse_training_method_valid PASSED [ 37%]
tests/unit/test_training_methods.py::TestTrainingMethodConfig::test_parse_training_method_invalid PASSED [ 41%]
tests/unit/test_training_methods.py::TestTrainingMethodConfig::test_config_to_dict PASSED [ 45%]
tests/unit/test_training_methods.py::TestTrainingScriptsExist::test_sft_script_exists PASSED [ 50%]
tests/unit/test_training_methods.py::TestTrainingScriptsExist::test_grpo_script_exists PASSED [ 54%]
tests/unit/test_training_methods.py::TestTrainingScriptsExist::test_cpt_script_exists PASSED [ 58%]
tests/unit/test_training_methods.py::TestTrainingScriptsExist::test_dpo_script_exists PASSED [ 62%]
tests/unit/test_training_methods.py::TestTrainingScriptsExist::test_orpo_script_exists PASSED [ 66%]
tests/unit/test_training_methods.py::TestTrainingScriptsExist::test_ppo_script_exists PASSED [ 70%]
tests/unit/test_training_methods.py::TestSFTTrainingScript::test_sft_has_main PASSED [ 75%]
tests/unit/test_training_methods.py::TestSFTTrainingScript::test_sft_has_lora_config PASSED [ 79%]
tests/unit/test_training_methods.py::TestGRPOTrainingScript::test_grpo_has_reward_functions PASSED [ 83%]
tests/unit/test_training_methods.py::TestGRPOTrainingScript::test_grpo_uses_grpo_trainer PASSED [ 87%]
tests/unit/test_training_methods.py::TestDPOTrainingIntegration::test_dpo_training_flow PASSED [ 91%]
tests/unit/test_training_methods.py::TestRealModelTraining::test_load_real_model_for_sft PASSED [ 95%]
tests/unit/test_training_methods.py::TestRealModelTraining::test_lora_adapter_creation PASSED [100%]
======================================================================
TEST METRICS SUMMARY
======================================================================
Total: 24 | Passed: 24 | Failed: 0
Pass Rate: 100.0%
Duration: 3.04s
GPU: NVIDIA GeForce RTX 5080 Laptop GPU

Detailed Results: results/test_details.csv
======================================================================


============================== 24 passed in 5.24s ==============================

============================= test session starts ==============================
platform linux -- Python 3.10.19, pytest-9.0.2, pluggy-1.6.0 -- /home/rhushabh/miniconda3/envs/nexus/bin/python3.10
cachedir: .pytest_cache
rootdir: /mnt/d/Research Experiments/nexus
configfile: pytest.ini
plugins: cov-7.0.0, anyio-4.12.1
collecting ... collected 14 items

tests/unit/test_ruler_tasks.py::TestTaskConfig::test_default_config PASSED [  7%]
tests/unit/test_ruler_tasks.py::TestTaskConfig::test_custom_config PASSED [ 14%]
tests/unit/test_ruler_tasks.py::TestRulerTasksAll::test_task_lifecycle[SingleNIAH] PASSED [ 21%]
tests/unit/test_ruler_tasks.py::TestRulerTasksAll::test_task_lifecycle[MultiKeyNIAH] PASSED [ 28%]
tests/unit/test_ruler_tasks.py::TestRulerTasksAll::test_task_lifecycle[MultiValueNIAH] PASSED [ 35%]
tests/unit/test_ruler_tasks.py::TestRulerTasksAll::test_task_lifecycle[MultiQueryNIAH] PASSED [ 42%]
tests/unit/test_ruler_tasks.py::TestRulerTasksAll::test_task_lifecycle[VariableTracing] PASSED [ 50%]
tests/unit/test_ruler_tasks.py::TestRulerTasksAll::test_task_lifecycle[ChainFollowing] PASSED [ 57%]
tests/unit/test_ruler_tasks.py::TestRulerTasksAll::test_task_lifecycle[CommonWordCount] PASSED [ 64%]
tests/unit/test_ruler_tasks.py::TestRulerTasksAll::test_task_lifecycle[FrequentWord] PASSED [ 71%]
tests/unit/test_ruler_tasks.py::TestRulerTasksAll::test_get_task PASSED  [ 78%]
tests/unit/test_ruler_tasks.py::TestRulerTasksAll::test_get_all_tasks PASSED [ 85%]
tests/unit/test_ruler_tasks.py::TestTaskCategories::test_categories PASSED [ 92%]
tests/unit/test_ruler_tasks.py::TestContextLengthScaling::test_noise PASSED [100%]
======================================================================
TEST METRICS SUMMARY
======================================================================
Total: 14 | Passed: 14 | Failed: 0
Pass Rate: 100.0%
Duration: 0.00s
GPU: NVIDIA GeForce RTX 5080 Laptop GPU

Detailed Results: results/test_details.csv
======================================================================


============================== 14 passed in 3.60s ==============================

============================= test session starts ==============================
platform linux -- Python 3.10.19, pytest-9.0.2, pluggy-1.6.0 -- /home/rhushabh/miniconda3/envs/nexus/bin/python3.10
cachedir: .pytest_cache
rootdir: /mnt/d/Research Experiments/nexus
configfile: pytest.ini
plugins: cov-7.0.0, anyio-4.12.1
collecting ... collected 2 items

tests/unit/test_unify_checkpoints.py::TestUnifyCheckpoints::test_linear_merge PASSED [ 50%]
tests/unit/test_unify_checkpoints.py::TestUnifyCheckpoints::test_task_arithmetic_merge PASSED [100%]
======================================================================
TEST METRICS SUMMARY
======================================================================
Total: 2 | Passed: 2 | Failed: 0
Pass Rate: 100.0%
Duration: 2.17s
GPU: NVIDIA GeForce RTX 5080 Laptop GPU

Detailed Results: results/test_details.csv
======================================================================


============================== 2 passed in 4.36s ===============================

============================= test session starts ==============================
platform linux -- Python 3.10.19, pytest-9.0.2, pluggy-1.6.0 -- /home/rhushabh/miniconda3/envs/nexus/bin/python3.10
cachedir: .pytest_cache
rootdir: /mnt/d/Research Experiments/nexus
configfile: pytest.ini
plugins: cov-7.0.0, anyio-4.12.1
collecting ... collected 7 items

tests/unit/test_schema_normalizer.py::test_normalize_musiccaps PASSED    [ 14%]
tests/unit/test_schema_normalizer.py::test_normalize_pure_dove PASSED    [ 28%]
tests/unit/test_schema_normalizer.py::test_normalize_journeydb PASSED    [ 42%]
tests/unit/test_schema_normalizer.py::test_normalize_emm1 PASSED         [ 57%]
tests/unit/test_schema_normalizer.py::test_normalize_unknown_dataset_with_image PASSED [ 71%]
tests/unit/test_schema_normalizer.py::test_normalize_fallback_defaults PASSED [ 85%]
tests/unit/test_schema_normalizer.py::test_all_modalities PASSED         [100%]
======================================================================
TEST METRICS SUMMARY
======================================================================
Total: 7 | Passed: 7 | Failed: 0
Pass Rate: 100.0%
Duration: 0.00s
GPU: NVIDIA GeForce RTX 5080 Laptop GPU

Detailed Results: results/test_details.csv
======================================================================


============================== 7 passed in 1.82s ===============================

============================= test session starts ==============================
platform linux -- Python 3.10.19, pytest-9.0.2, pluggy-1.6.0 -- /home/rhushabh/miniconda3/envs/nexus/bin/python3.10
cachedir: .pytest_cache
rootdir: /mnt/d/Research Experiments/nexus
configfile: pytest.ini
plugins: cov-7.0.0, anyio-4.12.1
collecting ... collected 1 item

tests/unit/test_sequential_pipeline.py::TestSequentialPipeline::test_pipeline_flow PASSED [100%]
======================================================================
TEST METRICS SUMMARY
======================================================================
Total: 1 | Passed: 1 | Failed: 0
Pass Rate: 100.0%
Duration: 0.02s
GPU: NVIDIA GeForce RTX 5080 Laptop GPU

Detailed Results: results/test_details.csv
======================================================================


============================== 1 passed in 2.00s ===============================

============================= test session starts ==============================
platform linux -- Python 3.10.19, pytest-9.0.2, pluggy-1.6.0 -- /home/rhushabh/miniconda3/envs/nexus/bin/python3.10
cachedir: .pytest_cache
rootdir: /mnt/d/Research Experiments/nexus
configfile: pytest.ini
plugins: cov-7.0.0, anyio-4.12.1
collecting ... collected 45 items

tests/unit/test_stages.py::TestStageConfig::test_stage_config_import PASSED [  2%]
tests/unit/test_stages.py::TestStageConfig::test_stage_config_creation PASSED [  4%]
tests/unit/test_stages.py::TestStageConfig::test_stage_config_to_dict PASSED [  6%]
tests/unit/test_stages.py::TestBaseStage::test_base_stage_import PASSED  [  8%]
tests/unit/test_stages.py::TestBaseStage::test_base_stage_is_abstract PASSED [ 11%]
tests/unit/test_stages.py::TestBaseStage::test_text_capability_stage_import PASSED [ 13%]
tests/unit/test_stages.py::TestCoTStage::test_cot_stage_import PASSED    [ 15%]
tests/unit/test_stages.py::TestCoTStage::test_cot_stage_capability_name PASSED [ 17%]
tests/unit/test_stages.py::TestCoTStage::test_cot_stage_has_dataset_patterns PASSED [ 20%]
tests/unit/test_stages.py::TestReasoningStage::test_reasoning_stage_import PASSED [ 22%]
tests/unit/test_stages.py::TestReasoningStage::test_reasoning_stage_capability_name PASSED [ 24%]
tests/unit/test_stages.py::TestThinkingStage::test_thinking_stage_import PASSED [ 26%]
tests/unit/test_stages.py::TestThinkingStage::test_thinking_stage_capability_name PASSED [ 28%]
tests/unit/test_stages.py::TestToolsStage::test_tools_stage_import PASSED [ 31%]
tests/unit/test_stages.py::TestToolsStage::test_tools_stage_capability_name PASSED [ 33%]
tests/unit/test_stages.py::TestStreamingStage::test_streaming_stage_import PASSED [ 35%]
tests/unit/test_stages.py::TestStreamingStage::test_streaming_stage_capability_name PASSED [ 37%]
tests/unit/test_stages.py::TestPodcastStage::test_podcast_stage_import PASSED [ 40%]
tests/unit/test_stages.py::TestPodcastStage::test_podcast_stage_capability_name PASSED [ 42%]
tests/unit/test_stages.py::TestPodcastStage::test_podcast_stage_has_dataset_patterns PASSED [ 44%]
tests/unit/test_stages.py::TestVisionQAStage::test_vision_qa_stage_import PASSED [ 46%]
tests/unit/test_stages.py::TestVisionQAStage::test_vision_qa_stage_capability_name PASSED [ 48%]
tests/unit/test_stages.py::TestVisionQAStage::test_vision_qa_stage_has_dataset_patterns PASSED [ 51%]
tests/unit/test_stages.py::TestVideoUnderstandingStage::test_video_stage_import PASSED [ 53%]
tests/unit/test_stages.py::TestVideoUnderstandingStage::test_video_stage_capability_name PASSED [ 55%]
tests/unit/test_stages.py::TestTriStreamingStage::test_tri_streaming_stage_import PASSED [ 57%]
tests/unit/test_stages.py::TestTriStreamingStage::test_tri_streaming_stage_capability_name PASSED [ 60%]
tests/unit/test_stages.py::TestImageGenStage::test_image_gen_stage_import PASSED [ 62%]
tests/unit/test_stages.py::TestImageGenStage::test_image_gen_stage_capability_name PASSED [ 64%]
tests/unit/test_stages.py::TestImageGenStage::test_image_projector_forward PASSED [ 66%]
tests/unit/test_stages.py::TestVideoGenStage::test_video_gen_stage_import PASSED [ 68%]
tests/unit/test_stages.py::TestVideoGenStage::test_video_gen_stage_capability_name PASSED [ 71%]
tests/unit/test_stages.py::TestVideoGenStage::test_video_projector_forward PASSED [ 73%]
tests/unit/test_stages.py::TestStageLogicMocked::test_cot_main_logic PASSED [ 75%]
tests/unit/test_stages.py::TestStageLogicMocked::test_thinking_main_logic PASSED [ 77%]
tests/unit/test_stages.py::TestStageLogicMocked::test_cot_has_main PASSED [ 80%]
tests/unit/test_stages.py::TestStageLogicMocked::test_reasoning_has_main PASSED [ 82%]
tests/unit/test_stages.py::TestStageLogicMocked::test_thinking_has_main PASSED [ 84%]
tests/unit/test_stages.py::TestStageLogicMocked::test_tools_has_main PASSED [ 86%]
tests/unit/test_stages.py::TestStageLogicMocked::test_streaming_has_main PASSED [ 88%]
tests/unit/test_stages.py::TestStageLogicMocked::test_podcast_has_main PASSED [ 91%]
tests/unit/test_stages.py::TestStageLogicMocked::test_vision_qa_has_main PASSED [ 93%]
tests/unit/test_stages.py::TestStageLogicMocked::test_tri_streaming_has_main PASSED [ 95%]
tests/unit/test_stages.py::TestStageLogicMocked::test_image_gen_has_main PASSED [ 97%]
tests/unit/test_stages.py::TestStageLogicMocked::test_video_gen_has_main PASSED [100%]
======================================================================
TEST METRICS SUMMARY
======================================================================
Total: 45 | Passed: 45 | Failed: 0
Pass Rate: 100.0%
Duration: 14.89s
GPU: NVIDIA GeForce RTX 5080 Laptop GPU

Detailed Results: results/test_details.csv
======================================================================


============================= 45 passed in 17.20s ==============================

ERROR conda.cli.main_run:execute(127): `conda run pytest tests/unit/test_stages_functional.py -v --color=no` failed. (See above for error)
============================= test session starts ==============================
platform linux -- Python 3.10.19, pytest-9.0.2, pluggy-1.6.0 -- /home/rhushabh/miniconda3/envs/nexus/bin/python3.10
cachedir: .pytest_cache
rootdir: /mnt/d/Research Experiments/nexus
configfile: pytest.ini
plugins: cov-7.0.0, anyio-4.12.1
collecting ... collected 7 items

tests/unit/test_stages_functional.py::test_base_stage_initialization FAILED [ 14%]
tests/unit/test_stages_functional.py::test_reasoning_stage_setup FAILED  [ 28%]
tests/unit/test_stages_functional.py::test_podcast_stage_logic FAILED    [ 42%]
tests/unit/test_stages_functional.py::test_omni_stage_initialization FAILED [ 57%]
tests/unit/test_stages_functional.py::test_stage_name_consistency[ReasoningStage] FAILED [ 71%]
tests/unit/test_stages_functional.py::test_stage_name_consistency[PodcastStage] FAILED [ 85%]
tests/unit/test_stages_functional.py::test_stage_name_consistency[OmniTrainingStage] FAILED [100%]
======================================================================
TEST METRICS SUMMARY
======================================================================
Total: 7 | Passed: 0 | Failed: 7
Pass Rate: 0.0%
Duration: 0.00s
GPU: NVIDIA GeForce RTX 5080 Laptop GPU

Detailed Results: results/test_details.csv
======================================================================


=================================== FAILURES ===================================
________________________ test_base_stage_initialization ________________________
tests/unit/test_stages_functional.py:23: in test_base_stage_initialization
    stage = BaseStage(config)
E   TypeError: Can't instantiate abstract class BaseStage with abstract methods prepare, train
__________________________ test_reasoning_stage_setup __________________________
tests/unit/test_stages_functional.py:30: in test_reasoning_stage_setup
    stage = ReasoningStage(config)
src/stages/base.py:79: in __init__
    self.logger = self._setup_logger()
src/stages/base.py:94: in _setup_logger
    logger = logging.getLogger(f"stage_{self.config.capability_name}")
E   AttributeError: 'MockConfig' object has no attribute 'capability_name'
___________________________ test_podcast_stage_logic ___________________________
tests/unit/test_stages_functional.py:38: in test_podcast_stage_logic
    stage = PodcastStage(config)
src/stages/stage_podcast.py:116: in __init__
    super().__init__(config)
src/stages/base.py:79: in __init__
    self.logger = self._setup_logger()
src/stages/base.py:94: in _setup_logger
    logger = logging.getLogger(f"stage_{self.config.capability_name}")
E   AttributeError: 'MockConfig' object has no attribute 'capability_name'
________________________ test_omni_stage_initialization ________________________
tests/unit/test_stages_functional.py:43: in test_omni_stage_initialization
    stage = OmniTrainingStage(config)
src/stages/stage_omni.py:72: in __init__
    super().__init__(config)
src/stages/base.py:79: in __init__
    self.logger = self._setup_logger()
src/stages/base.py:94: in _setup_logger
    logger = logging.getLogger(f"stage_{self.config.capability_name}")
E   AttributeError: 'MockConfig' object has no attribute 'capability_name'
_________________ test_stage_name_consistency[ReasoningStage] __________________
tests/unit/test_stages_functional.py:53: in test_stage_name_consistency
    stage = stage_class(config)
src/stages/base.py:79: in __init__
    self.logger = self._setup_logger()
src/stages/base.py:94: in _setup_logger
    logger = logging.getLogger(f"stage_{self.config.capability_name}")
E   AttributeError: 'MockConfig' object has no attribute 'capability_name'
__________________ test_stage_name_consistency[PodcastStage] ___________________
tests/unit/test_stages_functional.py:53: in test_stage_name_consistency
    stage = stage_class(config)
src/stages/stage_podcast.py:116: in __init__
    super().__init__(config)
src/stages/base.py:79: in __init__
    self.logger = self._setup_logger()
src/stages/base.py:94: in _setup_logger
    logger = logging.getLogger(f"stage_{self.config.capability_name}")
E   AttributeError: 'MockConfig' object has no attribute 'capability_name'
________________ test_stage_name_consistency[OmniTrainingStage] ________________
tests/unit/test_stages_functional.py:53: in test_stage_name_consistency
    stage = stage_class(config)
src/stages/stage_omni.py:72: in __init__
    super().__init__(config)
src/stages/base.py:79: in __init__
    self.logger = self._setup_logger()
src/stages/base.py:94: in _setup_logger
    logger = logging.getLogger(f"stage_{self.config.capability_name}")
E   AttributeError: 'MockConfig' object has no attribute 'capability_name'
=========================== short test summary info ============================
FAILED tests/unit/test_stages_functional.py::test_base_stage_initialization - TypeError: Can't instantiate abstract class BaseStage with abstract methods prepare, train
FAILED tests/unit/test_stages_functional.py::test_reasoning_stage_setup - AttributeError: 'MockConfig' object has no attribute 'capability_name'
FAILED tests/unit/test_stages_functional.py::test_podcast_stage_logic - AttributeError: 'MockConfig' object has no attribute 'capability_name'
FAILED tests/unit/test_stages_functional.py::test_omni_stage_initialization - AttributeError: 'MockConfig' object has no attribute 'capability_name'
FAILED tests/unit/test_stages_functional.py::test_stage_name_consistency[ReasoningStage] - AttributeError: 'MockConfig' object has no attribute 'capability_name'
FAILED tests/unit/test_stages_functional.py::test_stage_name_consistency[PodcastStage] - AttributeError: 'MockConfig' object has no attribute 'capability_name'
FAILED tests/unit/test_stages_functional.py::test_stage_name_consistency[OmniTrainingStage] - AttributeError: 'MockConfig' object has no attribute 'capability_name'
============================== 7 failed in 4.59s ===============================

============================= test session starts ==============================
platform linux -- Python 3.10.19, pytest-9.0.2, pluggy-1.6.0 -- /home/rhushabh/miniconda3/envs/nexus/bin/python3.10
cachedir: .pytest_cache
rootdir: /mnt/d/Research Experiments/nexus
configfile: pytest.ini
plugins: cov-7.0.0, anyio-4.12.1
collecting ... collected 31 items

tests/unit/test_universal_loader.py::TestUniversalLoaderImport::test_import_module PASSED [  3%]
tests/unit/test_universal_loader.py::TestUniversalLoaderImport::test_import_class PASSED [  6%]
tests/unit/test_universal_loader.py::TestUniversalLoaderImport::test_import_function PASSED [  9%]
tests/unit/test_universal_loader.py::TestUniversalLoaderImport::test_import_load_result PASSED [ 12%]
tests/unit/test_universal_loader.py::TestFormatDetection::test_detect_json_array PASSED [ 16%]
tests/unit/test_universal_loader.py::TestFormatDetection::test_detect_json_dict PASSED [ 19%]
tests/unit/test_universal_loader.py::TestFormatDetection::test_detect_jsonl PASSED [ 22%]
tests/unit/test_universal_loader.py::TestFormatDetection::test_detect_csv PASSED [ 25%]
tests/unit/test_universal_loader.py::TestFormatDetection::test_detect_text PASSED [ 29%]
tests/unit/test_universal_loader.py::TestFormatDetection::test_detect_nonexistent PASSED [ 32%]
tests/unit/test_universal_loader.py::TestJsonLoading::test_load_json_array PASSED [ 35%]
tests/unit/test_universal_loader.py::TestJsonLoading::test_load_json_dict PASSED [ 38%]
tests/unit/test_universal_loader.py::TestJsonLoading::test_load_json_with_sample_size PASSED [ 41%]
tests/unit/test_universal_loader.py::TestJsonlLoading::test_load_jsonl PASSED [ 45%]
tests/unit/test_universal_loader.py::TestJsonlLoading::test_load_jsonl_sample_size PASSED [ 48%]
tests/unit/test_universal_loader.py::TestJsonlLoading::test_load_jsonl_content PASSED [ 51%]
tests/unit/test_universal_loader.py::TestCsvLoading::test_load_csv PASSED [ 54%]
tests/unit/test_universal_loader.py::TestTextLoading::test_load_text PASSED [ 58%]
tests/unit/test_universal_loader.py::TestTextLoading::test_load_text_content PASSED [ 61%]
tests/unit/test_universal_loader.py::TestLoadResult::test_load_result_fields PASSED [ 64%]
tests/unit/test_universal_loader.py::TestLoadResult::test_load_result_source_path PASSED [ 67%]
tests/unit/test_universal_loader.py::TestConvenienceFunction::test_load_dataset_universal PASSED [ 70%]
tests/unit/test_universal_loader.py::TestConvenienceFunction::test_load_dataset_universal_sample_size PASSED [ 74%]
tests/unit/test_universal_loader.py::TestRealDatasets::test_load_cot_dataset PASSED [ 77%]
tests/unit/test_universal_loader.py::TestRealDatasets::test_load_tools_dataset PASSED [ 80%]
tests/unit/test_universal_loader.py::TestRealDatasets::test_load_o1_dataset PASSED [ 83%]
tests/unit/test_universal_loader.py::TestRealDatasets::test_load_gsm8k_dataset PASSED [ 87%]
tests/unit/test_universal_loader.py::TestEdgeCases::test_empty_file PASSED [ 90%]
tests/unit/test_universal_loader.py::TestEdgeCases::test_invalid_json PASSED [ 93%]
tests/unit/test_universal_loader.py::TestEdgeCases::test_zero_sample_size PASSED [ 96%]
tests/unit/test_universal_loader.py::TestEdgeCases::test_large_sample_size PASSED [100%]
======================================================================
TEST METRICS SUMMARY
======================================================================
Total: 31 | Passed: 31 | Failed: 0
Pass Rate: 100.0%
Duration: 41.16s
GPU: NVIDIA GeForce RTX 5080 Laptop GPU

Detailed Results: results/test_details.csv
======================================================================


============================= 31 passed in 43.47s ==============================

============================= test session starts ==============================
platform linux -- Python 3.10.19, pytest-9.0.2, pluggy-1.6.0 -- /home/rhushabh/miniconda3/envs/nexus/bin/python3.10
cachedir: .pytest_cache
rootdir: /mnt/d/Research Experiments/nexus
configfile: pytest.ini
plugins: cov-7.0.0, anyio-4.12.1
collecting ... collected 20 items

tests/unit/test_training_controller.py::TestSetupSignalHandlers::test_setup_signal_handlers_runs PASSED [  5%]
tests/unit/test_training_controller.py::TestSetupSignalHandlers::test_signal_handlers_registered PASSED [ 10%]
tests/unit/test_training_controller.py::TestCheckPauseState::test_check_pause_state_not_paused PASSED [ 15%]
tests/unit/test_training_controller.py::TestCheckPauseState::test_check_pause_state_paused_then_resumed PASSED [ 20%]
tests/unit/test_training_controller.py::TestCooldownLogic::test_cooldown_interval_constant_defined PASSED [ 25%]
tests/unit/test_training_controller.py::TestCooldownLogic::test_cooldown_duration_defined PASSED [ 30%]
tests/unit/test_training_controller.py::TestCooldownLogic::test_check_and_cooldown_not_at_interval PASSED [ 35%]
tests/unit/test_training_controller.py::TestCooldownLogic::test_check_and_cooldown_at_interval PASSED [ 40%]
tests/unit/test_training_controller.py::TestGPUTemperatureMonitoring::test_temperature_threshold_defined PASSED [ 45%]
tests/unit/test_training_controller.py::TestGPUTemperatureMonitoring::test_get_gpu_temperature_success PASSED [ 50%]
tests/unit/test_training_controller.py::TestGPUTemperatureMonitoring::test_get_gpu_temperature_failure PASSED [ 55%]
tests/unit/test_training_controller.py::TestCompressedFileExtraction::test_extract_gzip PASSED [ 60%]
tests/unit/test_training_controller.py::TestCompressedFileExtraction::test_extract_tar_gz PASSED [ 65%]
tests/unit/test_training_controller.py::TestCompressedFileExtraction::test_extract_zip PASSED [ 70%]
tests/unit/test_training_controller.py::TestCompressedFileExtraction::test_non_compressed_passthrough PASSED [ 75%]
tests/unit/test_training_controller.py::TestTrainingStepHook::test_hook_runs_without_error PASSED [ 80%]
tests/unit/test_training_controller.py::TestTrainingStepHook::test_hook_calls_pause_check PASSED [ 85%]
tests/unit/test_training_controller.py::TestTrainingStepHook::test_hook_calls_cooldown_check PASSED [ 90%]
tests/unit/test_training_controller.py::TestGlobalState::test_paused_state_toggleable PASSED [ 95%]
tests/unit/test_training_controller.py::TestGlobalState::test_checkpoint_requested_state PASSED [100%]
======================================================================
TEST METRICS SUMMARY
======================================================================
Total: 20 | Passed: 20 | Failed: 0
Pass Rate: 100.0%
Duration: 1.44s
GPU: NVIDIA GeForce RTX 5080 Laptop GPU

Detailed Results: results/test_details.csv
======================================================================


============================== 20 passed in 3.29s ==============================

